starting compiler:
Linp	 <pos> 3
Linp	 <pos> 2
Linp	 <pos> 1
Lin		 <pos> 0	 <is_addr> 0
Linp	 <pos> 3
Linp	 <pos> 2
Linp	 <pos> 1
Lin		 <pos> 0	 <is_addr> 1
Lwt		 <pos> 0	 <cm_addr> 0
Lwt		 <pos> 0	 <cm_addr> 16
Lwt		 <pos> 0	 <cm_addr> 32
Lwt		 <pos> 0	 <cm_addr> 48
Lwt		 <pos> 0	 <cm_addr> 64
Lwt		 <pos> 0	 <cm_addr> 80
Lwt		 <pos> 0	 <cm_addr> 96
Lwt		 <pos> 0	 <cm_addr> 112
Lwt		 <pos> 0	 <cm_addr> 128
Lwt		 <pos> 0	 <cm_addr> 144
Lwt		 <pos> 0	 <cm_addr> 160
Lwt		 <pos> 0	 <cm_addr> 176
Lwt		 <pos> 0	 <cm_addr> 192
Lwt		 <pos> 0	 <cm_addr> 208
Lwt		 <pos> 0	 <cm_addr> 224
Lwt		 <pos> 0	 <cm_addr> 240
Lwt		 <pos> 0	 <cm_addr> 256
Lwt		 <pos> 0	 <cm_addr> 272
Lwt		 <pos> 0	 <cm_addr> 288
Lwt		 <pos> 0	 <cm_addr> 304
Lwt		 <pos> 0	 <cm_addr> 320
Lwt		 <pos> 0	 <cm_addr> 336
Lwt		 <pos> 0	 <cm_addr> 352
Lwt		 <pos> 0	 <cm_addr> 368
Lwt		 <pos> 0	 <cm_addr> 384
Lwt		 <pos> 0	 <cm_addr> 400
Lwt		 <pos> 0	 <cm_addr> 416
Lwt		 <pos> 0	 <cm_addr> 432
Lwt		 <pos> 0	 <cm_addr> 448
Lwt		 <pos> 0	 <cm_addr> 464
Lwt		 <pos> 0	 <cm_addr> 480
Lwt		 <pos> 0	 <cm_addr> 496
Lwt		 <pos> 0	 <cm_addr> 512
Lwt		 <pos> 0	 <cm_addr> 528
Lwt		 <pos> 0	 <cm_addr> 544
Lwt		 <pos> 0	 <cm_addr> 560
Lwt		 <pos> 0	 <cm_addr> 576
Lwt		 <pos> 0	 <cm_addr> 592
Lwt		 <pos> 0	 <cm_addr> 608
Lwt		 <pos> 0	 <cm_addr> 624
Lwt		 <pos> 0	 <cm_addr> 640
Lwt		 <pos> 0	 <cm_addr> 656
Lwt		 <pos> 0	 <cm_addr> 672
Lwt		 <pos> 0	 <cm_addr> 688
Lwt		 <pos> 0	 <cm_addr> 704
Lwt		 <pos> 0	 <cm_addr> 720
Lwt		 <pos> 0	 <cm_addr> 736
Lwt		 <pos> 0	 <cm_addr> 752
Lwt		 <pos> 0	 <cm_addr> 768
Lwt		 <pos> 0	 <cm_addr> 784
Lwt		 <pos> 0	 <cm_addr> 800
Lwt		 <pos> 0	 <cm_addr> 816
Lwt		 <pos> 0	 <cm_addr> 832
Lwt		 <pos> 0	 <cm_addr> 848
Lwt		 <pos> 0	 <cm_addr> 864
Lwt		 <pos> 0	 <cm_addr> 880
Lwt		 <pos> 0	 <cm_addr> 896
Lwt		 <pos> 0	 <cm_addr> 912
Lwt		 <pos> 0	 <cm_addr> 928
Lwt		 <pos> 0	 <cm_addr> 944
Lwt		 <pos> 0	 <cm_addr> 960
Lwt		 <pos> 0	 <cm_addr> 976
Lwt		 <pos> 0	 <cm_addr> 992
Lwt		 <pos> 0	 <cm_addr> 1008
Lwt		 <pos> 0	 <cm_addr> 1024
Lwt		 <pos> 0	 <cm_addr> 1040
Lwt		 <pos> 0	 <cm_addr> 1056
Lwt		 <pos> 0	 <cm_addr> 1072
Lwt		 <pos> 0	 <cm_addr> 1088
Lwt		 <pos> 0	 <cm_addr> 1104
Lwt		 <pos> 0	 <cm_addr> 1120
Lwt		 <pos> 0	 <cm_addr> 1136
Lwt		 <pos> 0	 <cm_addr> 1152
Lwt		 <pos> 0	 <cm_addr> 1168
Lwt		 <pos> 0	 <cm_addr> 1184
Lwt		 <pos> 0	 <cm_addr> 1200
Lwt		 <pos> 0	 <cm_addr> 1216
Lwt		 <pos> 0	 <cm_addr> 1232
Lwt		 <pos> 0	 <cm_addr> 1248
Lwt		 <pos> 0	 <cm_addr> 1264
Lwt		 <pos> 0	 <cm_addr> 1280
Lwt		 <pos> 0	 <cm_addr> 1296
Lwt		 <pos> 0	 <cm_addr> 1312
Lwt		 <pos> 0	 <cm_addr> 1328
Lwt		 <pos> 0	 <cm_addr> 1344
Lwt		 <pos> 0	 <cm_addr> 1360
Lwt		 <pos> 0	 <cm_addr> 1376
Lwt		 <pos> 0	 <cm_addr> 1392
Lwt		 <pos> 0	 <cm_addr> 1408
Lwt		 <pos> 0	 <cm_addr> 1424
Lwt		 <pos> 0	 <cm_addr> 1440
Lwt		 <pos> 0	 <cm_addr> 1456
Lwt		 <pos> 0	 <cm_addr> 1472
Lwt		 <pos> 0	 <cm_addr> 1488
Lwt		 <pos> 0	 <cm_addr> 1504
Lwt		 <pos> 0	 <cm_addr> 1520
Lwt		 <pos> 0	 <cm_addr> 1536
Lwt		 <pos> 0	 <cm_addr> 1552
Lwt		 <pos> 0	 <cm_addr> 1568
Lwt		 <pos> 0	 <cm_addr> 1584
Lwt		 <pos> 0	 <cm_addr> 1600
Lwt		 <pos> 0	 <cm_addr> 1616
Lwt		 <pos> 0	 <cm_addr> 1632
Lwt		 <pos> 0	 <cm_addr> 1648
Lwt		 <pos> 0	 <cm_addr> 1664
Lwt		 <pos> 0	 <cm_addr> 1680
Lwt		 <pos> 0	 <cm_addr> 1696
Lwt		 <pos> 0	 <cm_addr> 1712
Lwt		 <pos> 0	 <cm_addr> 1728
Lwt		 <pos> 0	 <cm_addr> 1744
Lwt		 <pos> 0	 <cm_addr> 1760
Lwt		 <pos> 0	 <cm_addr> 1776
Lwt		 <pos> 0	 <cm_addr> 1792
Lwt		 <pos> 0	 <cm_addr> 1808
Lwt		 <pos> 0	 <cm_addr> 1824
Lwt		 <pos> 0	 <cm_addr> 1840
Lwt		 <pos> 0	 <cm_addr> 1856
Lwt		 <pos> 0	 <cm_addr> 1872
Lwt		 <pos> 0	 <cm_addr> 1888
Lwt		 <pos> 0	 <cm_addr> 1904
Lwt		 <pos> 0	 <cm_addr> 1920
Lwt		 <pos> 0	 <cm_addr> 1936
Lwt		 <pos> 0	 <cm_addr> 1952
Lwt		 <pos> 0	 <cm_addr> 1968
Lwt		 <pos> 0	 <cm_addr> 1984
Lwt		 <pos> 0	 <cm_addr> 2000
Lwt		 <pos> 0	 <cm_addr> 2016
Lwt		 <pos> 0	 <cm_addr> 2032
Lwt		 <pos> 0	 <cm_addr> 1
Lwt		 <pos> 0	 <cm_addr> 17
Lwt		 <pos> 0	 <cm_addr> 33
Lwt		 <pos> 0	 <cm_addr> 49
Lwt		 <pos> 0	 <cm_addr> 65
Lwt		 <pos> 0	 <cm_addr> 81
Lwt		 <pos> 0	 <cm_addr> 97
Lwt		 <pos> 0	 <cm_addr> 113
Lwt		 <pos> 0	 <cm_addr> 129
Lwt		 <pos> 0	 <cm_addr> 145
Lwt		 <pos> 0	 <cm_addr> 161
Lwt		 <pos> 0	 <cm_addr> 177
Lwt		 <pos> 0	 <cm_addr> 193
Lwt		 <pos> 0	 <cm_addr> 209
Lwt		 <pos> 0	 <cm_addr> 225
Lwt		 <pos> 0	 <cm_addr> 241
Lwt		 <pos> 0	 <cm_addr> 257
Lwt		 <pos> 0	 <cm_addr> 273
Lwt		 <pos> 0	 <cm_addr> 289
Lwt		 <pos> 0	 <cm_addr> 305
Lwt		 <pos> 0	 <cm_addr> 321
Lwt		 <pos> 0	 <cm_addr> 337
Lwt		 <pos> 0	 <cm_addr> 353
Lwt		 <pos> 0	 <cm_addr> 369
Lwt		 <pos> 0	 <cm_addr> 385
Lwt		 <pos> 0	 <cm_addr> 401
Lwt		 <pos> 0	 <cm_addr> 417
Lwt		 <pos> 0	 <cm_addr> 433
Lwt		 <pos> 0	 <cm_addr> 449
Lwt		 <pos> 0	 <cm_addr> 465
Lwt		 <pos> 0	 <cm_addr> 481
Lwt		 <pos> 0	 <cm_addr> 497
Lwt		 <pos> 0	 <cm_addr> 513
Lwt		 <pos> 0	 <cm_addr> 529
Lwt		 <pos> 0	 <cm_addr> 545
Lwt		 <pos> 0	 <cm_addr> 561
Lwt		 <pos> 0	 <cm_addr> 577
Lwt		 <pos> 0	 <cm_addr> 593
Lwt		 <pos> 0	 <cm_addr> 609
Lwt		 <pos> 0	 <cm_addr> 625
Lwt		 <pos> 0	 <cm_addr> 641
Lwt		 <pos> 0	 <cm_addr> 657
Lwt		 <pos> 0	 <cm_addr> 673
Lwt		 <pos> 0	 <cm_addr> 689
Lwt		 <pos> 0	 <cm_addr> 705
Lwt		 <pos> 0	 <cm_addr> 721
Lwt		 <pos> 0	 <cm_addr> 737
Lwt		 <pos> 0	 <cm_addr> 753
Lwt		 <pos> 0	 <cm_addr> 769
Lwt		 <pos> 0	 <cm_addr> 785
Lwt		 <pos> 0	 <cm_addr> 801
Lwt		 <pos> 0	 <cm_addr> 817
Lwt		 <pos> 0	 <cm_addr> 833
Lwt		 <pos> 0	 <cm_addr> 849
Lwt		 <pos> 0	 <cm_addr> 865
Lwt		 <pos> 0	 <cm_addr> 881
Lwt		 <pos> 0	 <cm_addr> 897
Lwt		 <pos> 0	 <cm_addr> 913
Lwt		 <pos> 0	 <cm_addr> 929
Lwt		 <pos> 0	 <cm_addr> 945
Lwt		 <pos> 0	 <cm_addr> 961
Lwt		 <pos> 0	 <cm_addr> 977
Lwt		 <pos> 0	 <cm_addr> 993
Lwt		 <pos> 0	 <cm_addr> 1009
Lwt		 <pos> 0	 <cm_addr> 1025
Lwt		 <pos> 0	 <cm_addr> 1041
Lwt		 <pos> 0	 <cm_addr> 1057
Lwt		 <pos> 0	 <cm_addr> 1073
Lwt		 <pos> 0	 <cm_addr> 1089
Lwt		 <pos> 0	 <cm_addr> 1105
Lwt		 <pos> 0	 <cm_addr> 1121
Lwt		 <pos> 0	 <cm_addr> 1137
Lwt		 <pos> 0	 <cm_addr> 1153
Lwt		 <pos> 0	 <cm_addr> 1169
Lwt		 <pos> 0	 <cm_addr> 1185
Lwt		 <pos> 0	 <cm_addr> 1201
Lwt		 <pos> 0	 <cm_addr> 1217
Lwt		 <pos> 0	 <cm_addr> 1233
Lwt		 <pos> 0	 <cm_addr> 1249
Lwt		 <pos> 0	 <cm_addr> 1265
Lwt		 <pos> 0	 <cm_addr> 1281
Lwt		 <pos> 0	 <cm_addr> 1297
Lwt		 <pos> 0	 <cm_addr> 1313
Lwt		 <pos> 0	 <cm_addr> 1329
Lwt		 <pos> 0	 <cm_addr> 1345
Lwt		 <pos> 0	 <cm_addr> 1361
Lwt		 <pos> 0	 <cm_addr> 1377
Lwt		 <pos> 0	 <cm_addr> 1393
Lwt		 <pos> 0	 <cm_addr> 1409
Lwt		 <pos> 0	 <cm_addr> 1425
Lwt		 <pos> 0	 <cm_addr> 1441
Lwt		 <pos> 0	 <cm_addr> 1457
Lwt		 <pos> 0	 <cm_addr> 1473
Lwt		 <pos> 0	 <cm_addr> 1489
Lwt		 <pos> 0	 <cm_addr> 1505
Lwt		 <pos> 0	 <cm_addr> 1521
Lwt		 <pos> 0	 <cm_addr> 1537
Lwt		 <pos> 0	 <cm_addr> 1553
Lwt		 <pos> 0	 <cm_addr> 1569
Lwt		 <pos> 0	 <cm_addr> 1585
Lwt		 <pos> 0	 <cm_addr> 1601
Lwt		 <pos> 0	 <cm_addr> 1617
Lwt		 <pos> 0	 <cm_addr> 1633
Lwt		 <pos> 0	 <cm_addr> 1649
Lwt		 <pos> 0	 <cm_addr> 1665
Lwt		 <pos> 0	 <cm_addr> 1681
Lwt		 <pos> 0	 <cm_addr> 1697
Lwt		 <pos> 0	 <cm_addr> 1713
Lwt		 <pos> 0	 <cm_addr> 1729
Lwt		 <pos> 0	 <cm_addr> 1745
Lwt		 <pos> 0	 <cm_addr> 1761
Lwt		 <pos> 0	 <cm_addr> 1777
Lwt		 <pos> 0	 <cm_addr> 1793
Lwt		 <pos> 0	 <cm_addr> 1809
Lwt		 <pos> 0	 <cm_addr> 1825
Lwt		 <pos> 0	 <cm_addr> 1841
Lwt		 <pos> 0	 <cm_addr> 1857
Lwt		 <pos> 0	 <cm_addr> 1873
Lwt		 <pos> 0	 <cm_addr> 1889
Lwt		 <pos> 0	 <cm_addr> 1905
Lwt		 <pos> 0	 <cm_addr> 1921
Lwt		 <pos> 0	 <cm_addr> 1937
Lwt		 <pos> 0	 <cm_addr> 1953
Lwt		 <pos> 0	 <cm_addr> 1969
Lwt		 <pos> 0	 <cm_addr> 1985
Lwt		 <pos> 0	 <cm_addr> 2001
Lwt		 <pos> 0	 <cm_addr> 2017
Lwt		 <pos> 0	 <cm_addr> 2033
Lwt		 <pos> 0	 <cm_addr> 2
Lwt		 <pos> 0	 <cm_addr> 18
Lwt		 <pos> 0	 <cm_addr> 34
Lwt		 <pos> 0	 <cm_addr> 50
Lwt		 <pos> 0	 <cm_addr> 66
Lwt		 <pos> 0	 <cm_addr> 82
Lwt		 <pos> 0	 <cm_addr> 98
Lwt		 <pos> 0	 <cm_addr> 114
Lwt		 <pos> 0	 <cm_addr> 130
Lwt		 <pos> 0	 <cm_addr> 146
Lwt		 <pos> 0	 <cm_addr> 162
Lwt		 <pos> 0	 <cm_addr> 178
Lwt		 <pos> 0	 <cm_addr> 194
Lwt		 <pos> 0	 <cm_addr> 210
Lwt		 <pos> 0	 <cm_addr> 226
Lwt		 <pos> 0	 <cm_addr> 242
Lwt		 <pos> 0	 <cm_addr> 258
Lwt		 <pos> 0	 <cm_addr> 274
Lwt		 <pos> 0	 <cm_addr> 290
Lwt		 <pos> 0	 <cm_addr> 306
Lwt		 <pos> 0	 <cm_addr> 322
Lwt		 <pos> 0	 <cm_addr> 338
Lwt		 <pos> 0	 <cm_addr> 354
Lwt		 <pos> 0	 <cm_addr> 370
Lwt		 <pos> 0	 <cm_addr> 386
Lwt		 <pos> 0	 <cm_addr> 402
Lwt		 <pos> 0	 <cm_addr> 418
Lwt		 <pos> 0	 <cm_addr> 434
Lwt		 <pos> 0	 <cm_addr> 450
Lwt		 <pos> 0	 <cm_addr> 466
Lwt		 <pos> 0	 <cm_addr> 482
Lwt		 <pos> 0	 <cm_addr> 498
Lwt		 <pos> 0	 <cm_addr> 514
Lwt		 <pos> 0	 <cm_addr> 530
Lwt		 <pos> 0	 <cm_addr> 546
Lwt		 <pos> 0	 <cm_addr> 562
Lwt		 <pos> 0	 <cm_addr> 578
Lwt		 <pos> 0	 <cm_addr> 594
Lwt		 <pos> 0	 <cm_addr> 610
Lwt		 <pos> 0	 <cm_addr> 626
Lwt		 <pos> 0	 <cm_addr> 642
Lwt		 <pos> 0	 <cm_addr> 658
Lwt		 <pos> 0	 <cm_addr> 674
Lwt		 <pos> 0	 <cm_addr> 690
Lwt		 <pos> 0	 <cm_addr> 706
Lwt		 <pos> 0	 <cm_addr> 722
Lwt		 <pos> 0	 <cm_addr> 738
Lwt		 <pos> 0	 <cm_addr> 754
Lwt		 <pos> 0	 <cm_addr> 770
Lwt		 <pos> 0	 <cm_addr> 786
Lwt		 <pos> 0	 <cm_addr> 802
Lwt		 <pos> 0	 <cm_addr> 818
Lwt		 <pos> 0	 <cm_addr> 834
Lwt		 <pos> 0	 <cm_addr> 850
Lwt		 <pos> 0	 <cm_addr> 866
Lwt		 <pos> 0	 <cm_addr> 882
Lwt		 <pos> 0	 <cm_addr> 898
Lwt		 <pos> 0	 <cm_addr> 914
Lwt		 <pos> 0	 <cm_addr> 930
Lwt		 <pos> 0	 <cm_addr> 946
Lwt		 <pos> 0	 <cm_addr> 962
Lwt		 <pos> 0	 <cm_addr> 978
Lwt		 <pos> 0	 <cm_addr> 994
Lwt		 <pos> 0	 <cm_addr> 1010
Lwt		 <pos> 0	 <cm_addr> 1026
Lwt		 <pos> 0	 <cm_addr> 1042
Lwt		 <pos> 0	 <cm_addr> 1058
Lwt		 <pos> 0	 <cm_addr> 1074
Lwt		 <pos> 0	 <cm_addr> 1090
Lwt		 <pos> 0	 <cm_addr> 1106
Lwt		 <pos> 0	 <cm_addr> 1122
Lwt		 <pos> 0	 <cm_addr> 1138
Lwt		 <pos> 0	 <cm_addr> 1154
Lwt		 <pos> 0	 <cm_addr> 1170
Lwt		 <pos> 0	 <cm_addr> 1186
Lwt		 <pos> 0	 <cm_addr> 1202
Lwt		 <pos> 0	 <cm_addr> 1218
Lwt		 <pos> 0	 <cm_addr> 1234
Lwt		 <pos> 0	 <cm_addr> 1250
Lwt		 <pos> 0	 <cm_addr> 1266
Lwt		 <pos> 0	 <cm_addr> 1282
Lwt		 <pos> 0	 <cm_addr> 1298
Lwt		 <pos> 0	 <cm_addr> 1314
Lwt		 <pos> 0	 <cm_addr> 1330
Lwt		 <pos> 0	 <cm_addr> 1346
Lwt		 <pos> 0	 <cm_addr> 1362
Lwt		 <pos> 0	 <cm_addr> 1378
Lwt		 <pos> 0	 <cm_addr> 1394
Lwt		 <pos> 0	 <cm_addr> 1410
Lwt		 <pos> 0	 <cm_addr> 1426
Lwt		 <pos> 0	 <cm_addr> 1442
Lwt		 <pos> 0	 <cm_addr> 1458
Lwt		 <pos> 0	 <cm_addr> 1474
Lwt		 <pos> 0	 <cm_addr> 1490
Lwt		 <pos> 0	 <cm_addr> 1506
Lwt		 <pos> 0	 <cm_addr> 1522
Lwt		 <pos> 0	 <cm_addr> 1538
Lwt		 <pos> 0	 <cm_addr> 1554
Lwt		 <pos> 0	 <cm_addr> 1570
Lwt		 <pos> 0	 <cm_addr> 1586
Lwt		 <pos> 0	 <cm_addr> 1602
Lwt		 <pos> 0	 <cm_addr> 1618
Lwt		 <pos> 0	 <cm_addr> 1634
Lwt		 <pos> 0	 <cm_addr> 1650
Lwt		 <pos> 0	 <cm_addr> 1666
Lwt		 <pos> 0	 <cm_addr> 1682
Lwt		 <pos> 0	 <cm_addr> 1698
Lwt		 <pos> 0	 <cm_addr> 1714
Lwt		 <pos> 0	 <cm_addr> 1730
Lwt		 <pos> 0	 <cm_addr> 1746
Lwt		 <pos> 0	 <cm_addr> 1762
Lwt		 <pos> 0	 <cm_addr> 1778
Lwt		 <pos> 0	 <cm_addr> 1794
Lwt		 <pos> 0	 <cm_addr> 1810
Lwt		 <pos> 0	 <cm_addr> 1826
Lwt		 <pos> 0	 <cm_addr> 1842
Lwt		 <pos> 0	 <cm_addr> 1858
Lwt		 <pos> 0	 <cm_addr> 1874
Lwt		 <pos> 0	 <cm_addr> 1890
Lwt		 <pos> 0	 <cm_addr> 1906
Lwt		 <pos> 0	 <cm_addr> 1922
Lwt		 <pos> 0	 <cm_addr> 1938
Lwt		 <pos> 0	 <cm_addr> 1954
Lwt		 <pos> 0	 <cm_addr> 1970
Lwt		 <pos> 0	 <cm_addr> 1986
Lwt		 <pos> 0	 <cm_addr> 2002
Lwt		 <pos> 0	 <cm_addr> 2018
Lwt		 <pos> 0	 <cm_addr> 2034
Lwt		 <pos> 0	 <cm_addr> 3
Lwt		 <pos> 0	 <cm_addr> 19
Lwt		 <pos> 0	 <cm_addr> 35
Lwt		 <pos> 0	 <cm_addr> 51
Lwt		 <pos> 0	 <cm_addr> 67
Lwt		 <pos> 0	 <cm_addr> 83
Lwt		 <pos> 0	 <cm_addr> 99
Lwt		 <pos> 0	 <cm_addr> 115
Lwt		 <pos> 0	 <cm_addr> 131
Lwt		 <pos> 0	 <cm_addr> 147
Lwt		 <pos> 0	 <cm_addr> 163
Lwt		 <pos> 0	 <cm_addr> 179
Lwt		 <pos> 0	 <cm_addr> 195
Lwt		 <pos> 0	 <cm_addr> 211
Lwt		 <pos> 0	 <cm_addr> 227
Lwt		 <pos> 0	 <cm_addr> 243
Lwt		 <pos> 0	 <cm_addr> 259
Lwt		 <pos> 0	 <cm_addr> 275
Lwt		 <pos> 0	 <cm_addr> 291
Lwt		 <pos> 0	 <cm_addr> 307
Lwt		 <pos> 0	 <cm_addr> 323
Lwt		 <pos> 0	 <cm_addr> 339
Lwt		 <pos> 0	 <cm_addr> 355
Lwt		 <pos> 0	 <cm_addr> 371
Lwt		 <pos> 0	 <cm_addr> 387
Lwt		 <pos> 0	 <cm_addr> 403
Lwt		 <pos> 0	 <cm_addr> 419
Lwt		 <pos> 0	 <cm_addr> 435
Lwt		 <pos> 0	 <cm_addr> 451
Lwt		 <pos> 0	 <cm_addr> 467
Lwt		 <pos> 0	 <cm_addr> 483
Lwt		 <pos> 0	 <cm_addr> 499
Lwt		 <pos> 0	 <cm_addr> 515
Lwt		 <pos> 0	 <cm_addr> 531
Lwt		 <pos> 0	 <cm_addr> 547
Lwt		 <pos> 0	 <cm_addr> 563
Lwt		 <pos> 0	 <cm_addr> 579
Lwt		 <pos> 0	 <cm_addr> 595
Lwt		 <pos> 0	 <cm_addr> 611
Lwt		 <pos> 0	 <cm_addr> 627
Lwt		 <pos> 0	 <cm_addr> 643
Lwt		 <pos> 0	 <cm_addr> 659
Lwt		 <pos> 0	 <cm_addr> 675
Lwt		 <pos> 0	 <cm_addr> 691
Lwt		 <pos> 0	 <cm_addr> 707
Lwt		 <pos> 0	 <cm_addr> 723
Lwt		 <pos> 0	 <cm_addr> 739
Lwt		 <pos> 0	 <cm_addr> 755
Lwt		 <pos> 0	 <cm_addr> 771
Lwt		 <pos> 0	 <cm_addr> 787
Lwt		 <pos> 0	 <cm_addr> 803
Lwt		 <pos> 0	 <cm_addr> 819
Lwt		 <pos> 0	 <cm_addr> 835
Lwt		 <pos> 0	 <cm_addr> 851
Lwt		 <pos> 0	 <cm_addr> 867
Lwt		 <pos> 0	 <cm_addr> 883
Lwt		 <pos> 0	 <cm_addr> 899
Lwt		 <pos> 0	 <cm_addr> 915
Lwt		 <pos> 0	 <cm_addr> 931
Lwt		 <pos> 0	 <cm_addr> 947
Lwt		 <pos> 0	 <cm_addr> 963
Lwt		 <pos> 0	 <cm_addr> 979
Lwt		 <pos> 0	 <cm_addr> 995
Lwt		 <pos> 0	 <cm_addr> 1011
Lwt		 <pos> 0	 <cm_addr> 1027
Lwt		 <pos> 0	 <cm_addr> 1043
Lwt		 <pos> 0	 <cm_addr> 1059
Lwt		 <pos> 0	 <cm_addr> 1075
Lwt		 <pos> 0	 <cm_addr> 1091
Lwt		 <pos> 0	 <cm_addr> 1107
Lwt		 <pos> 0	 <cm_addr> 1123
Lwt		 <pos> 0	 <cm_addr> 1139
Lwt		 <pos> 0	 <cm_addr> 1155
Lwt		 <pos> 0	 <cm_addr> 1171
Lwt		 <pos> 0	 <cm_addr> 1187
Lwt		 <pos> 0	 <cm_addr> 1203
Lwt		 <pos> 0	 <cm_addr> 1219
Lwt		 <pos> 0	 <cm_addr> 1235
Lwt		 <pos> 0	 <cm_addr> 1251
Lwt		 <pos> 0	 <cm_addr> 1267
Lwt		 <pos> 0	 <cm_addr> 1283
Lwt		 <pos> 0	 <cm_addr> 1299
Lwt		 <pos> 0	 <cm_addr> 1315
Lwt		 <pos> 0	 <cm_addr> 1331
Lwt		 <pos> 0	 <cm_addr> 1347
Lwt		 <pos> 0	 <cm_addr> 1363
Lwt		 <pos> 0	 <cm_addr> 1379
Lwt		 <pos> 0	 <cm_addr> 1395
Lwt		 <pos> 0	 <cm_addr> 1411
Lwt		 <pos> 0	 <cm_addr> 1427
Lwt		 <pos> 0	 <cm_addr> 1443
Lwt		 <pos> 0	 <cm_addr> 1459
Lwt		 <pos> 0	 <cm_addr> 1475
Lwt		 <pos> 0	 <cm_addr> 1491
Lwt		 <pos> 0	 <cm_addr> 1507
Lwt		 <pos> 0	 <cm_addr> 1523
Lwt		 <pos> 0	 <cm_addr> 1539
Lwt		 <pos> 0	 <cm_addr> 1555
Lwt		 <pos> 0	 <cm_addr> 1571
Lwt		 <pos> 0	 <cm_addr> 1587
Lwt		 <pos> 0	 <cm_addr> 1603
Lwt		 <pos> 0	 <cm_addr> 1619
Lwt		 <pos> 0	 <cm_addr> 1635
Lwt		 <pos> 0	 <cm_addr> 1651
Lwt		 <pos> 0	 <cm_addr> 1667
Lwt		 <pos> 0	 <cm_addr> 1683
Lwt		 <pos> 0	 <cm_addr> 1699
Lwt		 <pos> 0	 <cm_addr> 1715
Lwt		 <pos> 0	 <cm_addr> 1731
Lwt		 <pos> 0	 <cm_addr> 1747
Lwt		 <pos> 0	 <cm_addr> 1763
Lwt		 <pos> 0	 <cm_addr> 1779
Lwt		 <pos> 0	 <cm_addr> 1795
Lwt		 <pos> 0	 <cm_addr> 1811
Lwt		 <pos> 0	 <cm_addr> 1827
Lwt		 <pos> 0	 <cm_addr> 1843
Lwt		 <pos> 0	 <cm_addr> 1859
Lwt		 <pos> 0	 <cm_addr> 1875
Lwt		 <pos> 0	 <cm_addr> 1891
Lwt		 <pos> 0	 <cm_addr> 1907
Lwt		 <pos> 0	 <cm_addr> 1923
Lwt		 <pos> 0	 <cm_addr> 1939
Lwt		 <pos> 0	 <cm_addr> 1955
Lwt		 <pos> 0	 <cm_addr> 1971
Lwt		 <pos> 0	 <cm_addr> 1987
Lwt		 <pos> 0	 <cm_addr> 2003
Lwt		 <pos> 0	 <cm_addr> 2019
Lwt		 <pos> 0	 <cm_addr> 2035
Nop
Nop
Nop
Nop
Cmpfis	 <is_addr> 0	 <ca> 0	 <tos>	 <os_addr_wt> 0
Cmpfis	 <is_addr> 0	 <ca> 1	 <tos>	 <os_addr_wt> 1	 <os_addr_rd> 0
Cmpfis	 <is_addr> 1	 <ca> 2	 <paos>	 <os_addr_rd> 1
Cmpfis	 <is_addr> 1	 <ca> 3	 <paos>
