starting compiler:
Linp	 <pos> 3
Linp	 <pos> 2
Linp	 <pos> 1
Lin		 <pos> 0	 <is_addr> 0
Lwt		 <pos> 0	 <cm_addr> 0
Lwt		 <pos> 0	 <cm_addr> 16
Lwt		 <pos> 0	 <cm_addr> 32
Lwt		 <pos> 0	 <cm_addr> 48
Lwt		 <pos> 0	 <cm_addr> 64
Lwt		 <pos> 0	 <cm_addr> 80
Lwt		 <pos> 0	 <cm_addr> 96
Lwt		 <pos> 0	 <cm_addr> 112
Lwt		 <pos> 0	 <cm_addr> 128
Lwt		 <pos> 0	 <cm_addr> 144
Lwt		 <pos> 0	 <cm_addr> 160
Lwt		 <pos> 0	 <cm_addr> 176
Lwt		 <pos> 0	 <cm_addr> 192
Lwt		 <pos> 0	 <cm_addr> 208
Lwt		 <pos> 0	 <cm_addr> 224
Lwt		 <pos> 0	 <cm_addr> 240
Lwt		 <pos> 0	 <cm_addr> 256
Lwt		 <pos> 0	 <cm_addr> 272
Lwt		 <pos> 0	 <cm_addr> 288
Lwt		 <pos> 0	 <cm_addr> 304
Lwt		 <pos> 0	 <cm_addr> 320
Lwt		 <pos> 0	 <cm_addr> 336
Lwt		 <pos> 0	 <cm_addr> 352
Lwt		 <pos> 0	 <cm_addr> 368
Lwt		 <pos> 0	 <cm_addr> 384
Lwt		 <pos> 0	 <cm_addr> 400
Lwt		 <pos> 0	 <cm_addr> 416
Lwt		 <pos> 0	 <cm_addr> 432
Lwt		 <pos> 0	 <cm_addr> 448
Lwt		 <pos> 0	 <cm_addr> 464
Lwt		 <pos> 0	 <cm_addr> 480
Lwt		 <pos> 0	 <cm_addr> 496
Lwt		 <pos> 0	 <cm_addr> 512
Lwt		 <pos> 0	 <cm_addr> 528
Lwt		 <pos> 0	 <cm_addr> 544
Lwt		 <pos> 0	 <cm_addr> 560
Lwt		 <pos> 0	 <cm_addr> 576
Lwt		 <pos> 0	 <cm_addr> 592
Lwt		 <pos> 0	 <cm_addr> 608
Lwt		 <pos> 0	 <cm_addr> 624
Lwt		 <pos> 0	 <cm_addr> 640
Lwt		 <pos> 0	 <cm_addr> 656
Lwt		 <pos> 0	 <cm_addr> 672
Lwt		 <pos> 0	 <cm_addr> 688
Lwt		 <pos> 0	 <cm_addr> 704
Lwt		 <pos> 0	 <cm_addr> 720
Lwt		 <pos> 0	 <cm_addr> 736
Lwt		 <pos> 0	 <cm_addr> 752
Lwt		 <pos> 0	 <cm_addr> 768
Lwt		 <pos> 0	 <cm_addr> 784
Lwt		 <pos> 0	 <cm_addr> 800
Lwt		 <pos> 0	 <cm_addr> 816
Lwt		 <pos> 0	 <cm_addr> 832
Lwt		 <pos> 0	 <cm_addr> 848
Lwt		 <pos> 0	 <cm_addr> 864
Lwt		 <pos> 0	 <cm_addr> 880
Lwt		 <pos> 0	 <cm_addr> 896
Lwt		 <pos> 0	 <cm_addr> 912
Lwt		 <pos> 0	 <cm_addr> 928
Lwt		 <pos> 0	 <cm_addr> 944
Lwt		 <pos> 0	 <cm_addr> 960
Lwt		 <pos> 0	 <cm_addr> 976
Lwt		 <pos> 0	 <cm_addr> 992
Lwt		 <pos> 0	 <cm_addr> 1008
Lwt		 <pos> 0	 <cm_addr> 1024
Lwt		 <pos> 0	 <cm_addr> 1040
Lwt		 <pos> 0	 <cm_addr> 1056
Lwt		 <pos> 0	 <cm_addr> 1072
Lwt		 <pos> 0	 <cm_addr> 1088
Lwt		 <pos> 0	 <cm_addr> 1104
Lwt		 <pos> 0	 <cm_addr> 1120
Lwt		 <pos> 0	 <cm_addr> 1136
Lwt		 <pos> 0	 <cm_addr> 1152
Lwt		 <pos> 0	 <cm_addr> 1168
Lwt		 <pos> 0	 <cm_addr> 1184
Lwt		 <pos> 0	 <cm_addr> 1200
Lwt		 <pos> 0	 <cm_addr> 1216
Lwt		 <pos> 0	 <cm_addr> 1232
Lwt		 <pos> 0	 <cm_addr> 1248
Lwt		 <pos> 0	 <cm_addr> 1264
Lwt		 <pos> 0	 <cm_addr> 1280
Lwt		 <pos> 0	 <cm_addr> 1296
Lwt		 <pos> 0	 <cm_addr> 1312
Lwt		 <pos> 0	 <cm_addr> 1328
Lwt		 <pos> 0	 <cm_addr> 1344
Lwt		 <pos> 0	 <cm_addr> 1360
Lwt		 <pos> 0	 <cm_addr> 1376
Lwt		 <pos> 0	 <cm_addr> 1392
Lwt		 <pos> 0	 <cm_addr> 1408
Lwt		 <pos> 0	 <cm_addr> 1424
Lwt		 <pos> 0	 <cm_addr> 1440
Lwt		 <pos> 0	 <cm_addr> 1456
Lwt		 <pos> 0	 <cm_addr> 1472
Lwt		 <pos> 0	 <cm_addr> 1488
Lwt		 <pos> 0	 <cm_addr> 1504
Lwt		 <pos> 0	 <cm_addr> 1520
Lwt		 <pos> 0	 <cm_addr> 1536
Lwt		 <pos> 0	 <cm_addr> 1552
Lwt		 <pos> 0	 <cm_addr> 1568
Lwt		 <pos> 0	 <cm_addr> 1584
Lwt		 <pos> 0	 <cm_addr> 1600
Lwt		 <pos> 0	 <cm_addr> 1616
Lwt		 <pos> 0	 <cm_addr> 1632
Lwt		 <pos> 0	 <cm_addr> 1648
Lwt		 <pos> 0	 <cm_addr> 1664
Lwt		 <pos> 0	 <cm_addr> 1680
Lwt		 <pos> 0	 <cm_addr> 1696
Lwt		 <pos> 0	 <cm_addr> 1712
Lwt		 <pos> 0	 <cm_addr> 1728
Lwt		 <pos> 0	 <cm_addr> 1744
Lwt		 <pos> 0	 <cm_addr> 1760
Lwt		 <pos> 0	 <cm_addr> 1776
Lwt		 <pos> 0	 <cm_addr> 1792
Lwt		 <pos> 0	 <cm_addr> 1808
Lwt		 <pos> 0	 <cm_addr> 1824
Lwt		 <pos> 0	 <cm_addr> 1840
Lwt		 <pos> 0	 <cm_addr> 1856
Lwt		 <pos> 0	 <cm_addr> 1872
Lwt		 <pos> 0	 <cm_addr> 1888
Lwt		 <pos> 0	 <cm_addr> 1904
Lwt		 <pos> 0	 <cm_addr> 1920
Lwt		 <pos> 0	 <cm_addr> 1936
Lwt		 <pos> 0	 <cm_addr> 1952
Lwt		 <pos> 0	 <cm_addr> 1968
Lwt		 <pos> 0	 <cm_addr> 1984
Lwt		 <pos> 0	 <cm_addr> 2000
Lwt		 <pos> 0	 <cm_addr> 2016
Lwt		 <pos> 0	 <cm_addr> 2032
Lwt		 <pos> 0	 <cm_addr> 1
Lwt		 <pos> 0	 <cm_addr> 17
Lwt		 <pos> 0	 <cm_addr> 33
Lwt		 <pos> 0	 <cm_addr> 49
Lwt		 <pos> 0	 <cm_addr> 65
Lwt		 <pos> 0	 <cm_addr> 81
Lwt		 <pos> 0	 <cm_addr> 97
Lwt		 <pos> 0	 <cm_addr> 113
Lwt		 <pos> 0	 <cm_addr> 129
Lwt		 <pos> 0	 <cm_addr> 145
Lwt		 <pos> 0	 <cm_addr> 161
Lwt		 <pos> 0	 <cm_addr> 177
Lwt		 <pos> 0	 <cm_addr> 193
Lwt		 <pos> 0	 <cm_addr> 209
Lwt		 <pos> 0	 <cm_addr> 225
Lwt		 <pos> 0	 <cm_addr> 241
Lwt		 <pos> 0	 <cm_addr> 257
Lwt		 <pos> 0	 <cm_addr> 273
Lwt		 <pos> 0	 <cm_addr> 289
Lwt		 <pos> 0	 <cm_addr> 305
Lwt		 <pos> 0	 <cm_addr> 321
Lwt		 <pos> 0	 <cm_addr> 337
Lwt		 <pos> 0	 <cm_addr> 353
Lwt		 <pos> 0	 <cm_addr> 369
Lwt		 <pos> 0	 <cm_addr> 385
Lwt		 <pos> 0	 <cm_addr> 401
Lwt		 <pos> 0	 <cm_addr> 417
Lwt		 <pos> 0	 <cm_addr> 433
Lwt		 <pos> 0	 <cm_addr> 449
Lwt		 <pos> 0	 <cm_addr> 465
Lwt		 <pos> 0	 <cm_addr> 481
Lwt		 <pos> 0	 <cm_addr> 497
Lwt		 <pos> 0	 <cm_addr> 513
Lwt		 <pos> 0	 <cm_addr> 529
Lwt		 <pos> 0	 <cm_addr> 545
Lwt		 <pos> 0	 <cm_addr> 561
Lwt		 <pos> 0	 <cm_addr> 577
Lwt		 <pos> 0	 <cm_addr> 593
Lwt		 <pos> 0	 <cm_addr> 609
Lwt		 <pos> 0	 <cm_addr> 625
Lwt		 <pos> 0	 <cm_addr> 641
Lwt		 <pos> 0	 <cm_addr> 657
Lwt		 <pos> 0	 <cm_addr> 673
Lwt		 <pos> 0	 <cm_addr> 689
Lwt		 <pos> 0	 <cm_addr> 705
Lwt		 <pos> 0	 <cm_addr> 721
Lwt		 <pos> 0	 <cm_addr> 737
Lwt		 <pos> 0	 <cm_addr> 753
Lwt		 <pos> 0	 <cm_addr> 769
Lwt		 <pos> 0	 <cm_addr> 785
Lwt		 <pos> 0	 <cm_addr> 801
Lwt		 <pos> 0	 <cm_addr> 817
Lwt		 <pos> 0	 <cm_addr> 833
Lwt		 <pos> 0	 <cm_addr> 849
Lwt		 <pos> 0	 <cm_addr> 865
Lwt		 <pos> 0	 <cm_addr> 881
Lwt		 <pos> 0	 <cm_addr> 897
Lwt		 <pos> 0	 <cm_addr> 913
Lwt		 <pos> 0	 <cm_addr> 929
Lwt		 <pos> 0	 <cm_addr> 945
Lwt		 <pos> 0	 <cm_addr> 961
Lwt		 <pos> 0	 <cm_addr> 977
Lwt		 <pos> 0	 <cm_addr> 993
Lwt		 <pos> 0	 <cm_addr> 1009
Lwt		 <pos> 0	 <cm_addr> 1025
Lwt		 <pos> 0	 <cm_addr> 1041
Lwt		 <pos> 0	 <cm_addr> 1057
Lwt		 <pos> 0	 <cm_addr> 1073
Lwt		 <pos> 0	 <cm_addr> 1089
Lwt		 <pos> 0	 <cm_addr> 1105
Lwt		 <pos> 0	 <cm_addr> 1121
Lwt		 <pos> 0	 <cm_addr> 1137
Lwt		 <pos> 0	 <cm_addr> 1153
Lwt		 <pos> 0	 <cm_addr> 1169
Lwt		 <pos> 0	 <cm_addr> 1185
Lwt		 <pos> 0	 <cm_addr> 1201
Lwt		 <pos> 0	 <cm_addr> 1217
Lwt		 <pos> 0	 <cm_addr> 1233
Lwt		 <pos> 0	 <cm_addr> 1249
Lwt		 <pos> 0	 <cm_addr> 1265
Lwt		 <pos> 0	 <cm_addr> 1281
Lwt		 <pos> 0	 <cm_addr> 1297
Lwt		 <pos> 0	 <cm_addr> 1313
Lwt		 <pos> 0	 <cm_addr> 1329
Lwt		 <pos> 0	 <cm_addr> 1345
Lwt		 <pos> 0	 <cm_addr> 1361
Lwt		 <pos> 0	 <cm_addr> 1377
Lwt		 <pos> 0	 <cm_addr> 1393
Lwt		 <pos> 0	 <cm_addr> 1409
Lwt		 <pos> 0	 <cm_addr> 1425
Lwt		 <pos> 0	 <cm_addr> 1441
Lwt		 <pos> 0	 <cm_addr> 1457
Lwt		 <pos> 0	 <cm_addr> 1473
Lwt		 <pos> 0	 <cm_addr> 1489
Lwt		 <pos> 0	 <cm_addr> 1505
Lwt		 <pos> 0	 <cm_addr> 1521
Lwt		 <pos> 0	 <cm_addr> 1537
Lwt		 <pos> 0	 <cm_addr> 1553
Lwt		 <pos> 0	 <cm_addr> 1569
Lwt		 <pos> 0	 <cm_addr> 1585
Lwt		 <pos> 0	 <cm_addr> 1601
Lwt		 <pos> 0	 <cm_addr> 1617
Lwt		 <pos> 0	 <cm_addr> 1633
Lwt		 <pos> 0	 <cm_addr> 1649
Lwt		 <pos> 0	 <cm_addr> 1665
Lwt		 <pos> 0	 <cm_addr> 1681
Lwt		 <pos> 0	 <cm_addr> 1697
Lwt		 <pos> 0	 <cm_addr> 1713
Lwt		 <pos> 0	 <cm_addr> 1729
Lwt		 <pos> 0	 <cm_addr> 1745
Lwt		 <pos> 0	 <cm_addr> 1761
Lwt		 <pos> 0	 <cm_addr> 1777
Lwt		 <pos> 0	 <cm_addr> 1793
Lwt		 <pos> 0	 <cm_addr> 1809
Lwt		 <pos> 0	 <cm_addr> 1825
Lwt		 <pos> 0	 <cm_addr> 1841
Lwt		 <pos> 0	 <cm_addr> 1857
Lwt		 <pos> 0	 <cm_addr> 1873
Lwt		 <pos> 0	 <cm_addr> 1889
Lwt		 <pos> 0	 <cm_addr> 1905
Lwt		 <pos> 0	 <cm_addr> 1921
Lwt		 <pos> 0	 <cm_addr> 1937
Lwt		 <pos> 0	 <cm_addr> 1953
Lwt		 <pos> 0	 <cm_addr> 1969
Lwt		 <pos> 0	 <cm_addr> 1985
Lwt		 <pos> 0	 <cm_addr> 2001
Lwt		 <pos> 0	 <cm_addr> 2017
Lwt		 <pos> 0	 <cm_addr> 2033
Lwt		 <pos> 0	 <cm_addr> 2
Lwt		 <pos> 0	 <cm_addr> 18
Lwt		 <pos> 0	 <cm_addr> 34
Lwt		 <pos> 0	 <cm_addr> 50
Lwt		 <pos> 0	 <cm_addr> 66
Lwt		 <pos> 0	 <cm_addr> 82
Lwt		 <pos> 0	 <cm_addr> 98
Lwt		 <pos> 0	 <cm_addr> 114
Lwt		 <pos> 0	 <cm_addr> 130
Lwt		 <pos> 0	 <cm_addr> 146
Lwt		 <pos> 0	 <cm_addr> 162
Lwt		 <pos> 0	 <cm_addr> 178
Lwt		 <pos> 0	 <cm_addr> 194
Lwt		 <pos> 0	 <cm_addr> 210
Lwt		 <pos> 0	 <cm_addr> 226
Lwt		 <pos> 0	 <cm_addr> 242
Lwt		 <pos> 0	 <cm_addr> 258
Lwt		 <pos> 0	 <cm_addr> 274
Lwt		 <pos> 0	 <cm_addr> 290
Lwt		 <pos> 0	 <cm_addr> 306
Lwt		 <pos> 0	 <cm_addr> 322
Lwt		 <pos> 0	 <cm_addr> 338
Lwt		 <pos> 0	 <cm_addr> 354
Lwt		 <pos> 0	 <cm_addr> 370
Lwt		 <pos> 0	 <cm_addr> 386
Lwt		 <pos> 0	 <cm_addr> 402
Lwt		 <pos> 0	 <cm_addr> 418
Lwt		 <pos> 0	 <cm_addr> 434
Lwt		 <pos> 0	 <cm_addr> 450
Lwt		 <pos> 0	 <cm_addr> 466
Lwt		 <pos> 0	 <cm_addr> 482
Lwt		 <pos> 0	 <cm_addr> 498
Lwt		 <pos> 0	 <cm_addr> 514
Lwt		 <pos> 0	 <cm_addr> 530
Lwt		 <pos> 0	 <cm_addr> 546
Lwt		 <pos> 0	 <cm_addr> 562
Lwt		 <pos> 0	 <cm_addr> 578
Lwt		 <pos> 0	 <cm_addr> 594
Lwt		 <pos> 0	 <cm_addr> 610
Lwt		 <pos> 0	 <cm_addr> 626
Lwt		 <pos> 0	 <cm_addr> 642
Lwt		 <pos> 0	 <cm_addr> 658
Lwt		 <pos> 0	 <cm_addr> 674
Lwt		 <pos> 0	 <cm_addr> 690
Lwt		 <pos> 0	 <cm_addr> 706
Lwt		 <pos> 0	 <cm_addr> 722
Lwt		 <pos> 0	 <cm_addr> 738
Lwt		 <pos> 0	 <cm_addr> 754
Lwt		 <pos> 0	 <cm_addr> 770
Lwt		 <pos> 0	 <cm_addr> 786
Lwt		 <pos> 0	 <cm_addr> 802
Lwt		 <pos> 0	 <cm_addr> 818
Lwt		 <pos> 0	 <cm_addr> 834
Lwt		 <pos> 0	 <cm_addr> 850
Lwt		 <pos> 0	 <cm_addr> 866
Lwt		 <pos> 0	 <cm_addr> 882
Lwt		 <pos> 0	 <cm_addr> 898
Lwt		 <pos> 0	 <cm_addr> 914
Lwt		 <pos> 0	 <cm_addr> 930
Lwt		 <pos> 0	 <cm_addr> 946
Lwt		 <pos> 0	 <cm_addr> 962
Lwt		 <pos> 0	 <cm_addr> 978
Lwt		 <pos> 0	 <cm_addr> 994
Lwt		 <pos> 0	 <cm_addr> 1010
Lwt		 <pos> 0	 <cm_addr> 1026
Lwt		 <pos> 0	 <cm_addr> 1042
Lwt		 <pos> 0	 <cm_addr> 1058
Lwt		 <pos> 0	 <cm_addr> 1074
Lwt		 <pos> 0	 <cm_addr> 1090
Lwt		 <pos> 0	 <cm_addr> 1106
Lwt		 <pos> 0	 <cm_addr> 1122
Lwt		 <pos> 0	 <cm_addr> 1138
Lwt		 <pos> 0	 <cm_addr> 1154
Lwt		 <pos> 0	 <cm_addr> 1170
Lwt		 <pos> 0	 <cm_addr> 1186
Lwt		 <pos> 0	 <cm_addr> 1202
Lwt		 <pos> 0	 <cm_addr> 1218
Lwt		 <pos> 0	 <cm_addr> 1234
Lwt		 <pos> 0	 <cm_addr> 1250
Lwt		 <pos> 0	 <cm_addr> 1266
Lwt		 <pos> 0	 <cm_addr> 1282
Lwt		 <pos> 0	 <cm_addr> 1298
Lwt		 <pos> 0	 <cm_addr> 1314
Lwt		 <pos> 0	 <cm_addr> 1330
Lwt		 <pos> 0	 <cm_addr> 1346
Lwt		 <pos> 0	 <cm_addr> 1362
Lwt		 <pos> 0	 <cm_addr> 1378
Lwt		 <pos> 0	 <cm_addr> 1394
Lwt		 <pos> 0	 <cm_addr> 1410
Lwt		 <pos> 0	 <cm_addr> 1426
Lwt		 <pos> 0	 <cm_addr> 1442
Lwt		 <pos> 0	 <cm_addr> 1458
Lwt		 <pos> 0	 <cm_addr> 1474
Lwt		 <pos> 0	 <cm_addr> 1490
Lwt		 <pos> 0	 <cm_addr> 1506
Lwt		 <pos> 0	 <cm_addr> 1522
Lwt		 <pos> 0	 <cm_addr> 1538
Lwt		 <pos> 0	 <cm_addr> 1554
Lwt		 <pos> 0	 <cm_addr> 1570
Lwt		 <pos> 0	 <cm_addr> 1586
Lwt		 <pos> 0	 <cm_addr> 1602
Lwt		 <pos> 0	 <cm_addr> 1618
Lwt		 <pos> 0	 <cm_addr> 1634
Lwt		 <pos> 0	 <cm_addr> 1650
Lwt		 <pos> 0	 <cm_addr> 1666
Lwt		 <pos> 0	 <cm_addr> 1682
Lwt		 <pos> 0	 <cm_addr> 1698
Lwt		 <pos> 0	 <cm_addr> 1714
Lwt		 <pos> 0	 <cm_addr> 1730
Lwt		 <pos> 0	 <cm_addr> 1746
Lwt		 <pos> 0	 <cm_addr> 1762
Lwt		 <pos> 0	 <cm_addr> 1778
Lwt		 <pos> 0	 <cm_addr> 1794
Lwt		 <pos> 0	 <cm_addr> 1810
Lwt		 <pos> 0	 <cm_addr> 1826
Lwt		 <pos> 0	 <cm_addr> 1842
Lwt		 <pos> 0	 <cm_addr> 1858
Lwt		 <pos> 0	 <cm_addr> 1874
Lwt		 <pos> 0	 <cm_addr> 1890
Lwt		 <pos> 0	 <cm_addr> 1906
Lwt		 <pos> 0	 <cm_addr> 1922
Lwt		 <pos> 0	 <cm_addr> 1938
Lwt		 <pos> 0	 <cm_addr> 1954
Lwt		 <pos> 0	 <cm_addr> 1970
Lwt		 <pos> 0	 <cm_addr> 1986
Lwt		 <pos> 0	 <cm_addr> 2002
Lwt		 <pos> 0	 <cm_addr> 2018
Lwt		 <pos> 0	 <cm_addr> 2034
Lwt		 <pos> 0	 <cm_addr> 3
Lwt		 <pos> 0	 <cm_addr> 19
Lwt		 <pos> 0	 <cm_addr> 35
Lwt		 <pos> 0	 <cm_addr> 51
Lwt		 <pos> 0	 <cm_addr> 67
Lwt		 <pos> 0	 <cm_addr> 83
Lwt		 <pos> 0	 <cm_addr> 99
Lwt		 <pos> 0	 <cm_addr> 115
Lwt		 <pos> 0	 <cm_addr> 131
Lwt		 <pos> 0	 <cm_addr> 147
Lwt		 <pos> 0	 <cm_addr> 163
Lwt		 <pos> 0	 <cm_addr> 179
Lwt		 <pos> 0	 <cm_addr> 195
Lwt		 <pos> 0	 <cm_addr> 211
Lwt		 <pos> 0	 <cm_addr> 227
Lwt		 <pos> 0	 <cm_addr> 243
Lwt		 <pos> 0	 <cm_addr> 259
Lwt		 <pos> 0	 <cm_addr> 275
Lwt		 <pos> 0	 <cm_addr> 291
Lwt		 <pos> 0	 <cm_addr> 307
Lwt		 <pos> 0	 <cm_addr> 323
Lwt		 <pos> 0	 <cm_addr> 339
Lwt		 <pos> 0	 <cm_addr> 355
Lwt		 <pos> 0	 <cm_addr> 371
Lwt		 <pos> 0	 <cm_addr> 387
Lwt		 <pos> 0	 <cm_addr> 403
Lwt		 <pos> 0	 <cm_addr> 419
Lwt		 <pos> 0	 <cm_addr> 435
Lwt		 <pos> 0	 <cm_addr> 451
Lwt		 <pos> 0	 <cm_addr> 467
Lwt		 <pos> 0	 <cm_addr> 483
Lwt		 <pos> 0	 <cm_addr> 499
Lwt		 <pos> 0	 <cm_addr> 515
Lwt		 <pos> 0	 <cm_addr> 531
Lwt		 <pos> 0	 <cm_addr> 547
Lwt		 <pos> 0	 <cm_addr> 563
Lwt		 <pos> 0	 <cm_addr> 579
Lwt		 <pos> 0	 <cm_addr> 595
Lwt		 <pos> 0	 <cm_addr> 611
Lwt		 <pos> 0	 <cm_addr> 627
Lwt		 <pos> 0	 <cm_addr> 643
Lwt		 <pos> 0	 <cm_addr> 659
Lwt		 <pos> 0	 <cm_addr> 675
Lwt		 <pos> 0	 <cm_addr> 691
Lwt		 <pos> 0	 <cm_addr> 707
Lwt		 <pos> 0	 <cm_addr> 723
Lwt		 <pos> 0	 <cm_addr> 739
Lwt		 <pos> 0	 <cm_addr> 755
Lwt		 <pos> 0	 <cm_addr> 771
Lwt		 <pos> 0	 <cm_addr> 787
Lwt		 <pos> 0	 <cm_addr> 803
Lwt		 <pos> 0	 <cm_addr> 819
Lwt		 <pos> 0	 <cm_addr> 835
Lwt		 <pos> 0	 <cm_addr> 851
Lwt		 <pos> 0	 <cm_addr> 867
Lwt		 <pos> 0	 <cm_addr> 883
Lwt		 <pos> 0	 <cm_addr> 899
Lwt		 <pos> 0	 <cm_addr> 915
Lwt		 <pos> 0	 <cm_addr> 931
Lwt		 <pos> 0	 <cm_addr> 947
Lwt		 <pos> 0	 <cm_addr> 963
Lwt		 <pos> 0	 <cm_addr> 979
Lwt		 <pos> 0	 <cm_addr> 995
Lwt		 <pos> 0	 <cm_addr> 1011
Lwt		 <pos> 0	 <cm_addr> 1027
Lwt		 <pos> 0	 <cm_addr> 1043
Lwt		 <pos> 0	 <cm_addr> 1059
Lwt		 <pos> 0	 <cm_addr> 1075
Lwt		 <pos> 0	 <cm_addr> 1091
Lwt		 <pos> 0	 <cm_addr> 1107
Lwt		 <pos> 0	 <cm_addr> 1123
Lwt		 <pos> 0	 <cm_addr> 1139
Lwt		 <pos> 0	 <cm_addr> 1155
Lwt		 <pos> 0	 <cm_addr> 1171
Lwt		 <pos> 0	 <cm_addr> 1187
Lwt		 <pos> 0	 <cm_addr> 1203
Lwt		 <pos> 0	 <cm_addr> 1219
Lwt		 <pos> 0	 <cm_addr> 1235
Lwt		 <pos> 0	 <cm_addr> 1251
Lwt		 <pos> 0	 <cm_addr> 1267
Lwt		 <pos> 0	 <cm_addr> 1283
Lwt		 <pos> 0	 <cm_addr> 1299
Lwt		 <pos> 0	 <cm_addr> 1315
Lwt		 <pos> 0	 <cm_addr> 1331
Lwt		 <pos> 0	 <cm_addr> 1347
Lwt		 <pos> 0	 <cm_addr> 1363
Lwt		 <pos> 0	 <cm_addr> 1379
Lwt		 <pos> 0	 <cm_addr> 1395
Lwt		 <pos> 0	 <cm_addr> 1411
Lwt		 <pos> 0	 <cm_addr> 1427
Lwt		 <pos> 0	 <cm_addr> 1443
Lwt		 <pos> 0	 <cm_addr> 1459
Lwt		 <pos> 0	 <cm_addr> 1475
Lwt		 <pos> 0	 <cm_addr> 1491
Lwt		 <pos> 0	 <cm_addr> 1507
Lwt		 <pos> 0	 <cm_addr> 1523
Lwt		 <pos> 0	 <cm_addr> 1539
Lwt		 <pos> 0	 <cm_addr> 1555
Lwt		 <pos> 0	 <cm_addr> 1571
Lwt		 <pos> 0	 <cm_addr> 1587
Lwt		 <pos> 0	 <cm_addr> 1603
Lwt		 <pos> 0	 <cm_addr> 1619
Lwt		 <pos> 0	 <cm_addr> 1635
Lwt		 <pos> 0	 <cm_addr> 1651
Lwt		 <pos> 0	 <cm_addr> 1667
Lwt		 <pos> 0	 <cm_addr> 1683
Lwt		 <pos> 0	 <cm_addr> 1699
Lwt		 <pos> 0	 <cm_addr> 1715
Lwt		 <pos> 0	 <cm_addr> 1731
Lwt		 <pos> 0	 <cm_addr> 1747
Lwt		 <pos> 0	 <cm_addr> 1763
Lwt		 <pos> 0	 <cm_addr> 1779
Lwt		 <pos> 0	 <cm_addr> 1795
Lwt		 <pos> 0	 <cm_addr> 1811
Lwt		 <pos> 0	 <cm_addr> 1827
Lwt		 <pos> 0	 <cm_addr> 1843
Lwt		 <pos> 0	 <cm_addr> 1859
Lwt		 <pos> 0	 <cm_addr> 1875
Lwt		 <pos> 0	 <cm_addr> 1891
Lwt		 <pos> 0	 <cm_addr> 1907
Lwt		 <pos> 0	 <cm_addr> 1923
Lwt		 <pos> 0	 <cm_addr> 1939
Lwt		 <pos> 0	 <cm_addr> 1955
Lwt		 <pos> 0	 <cm_addr> 1971
Lwt		 <pos> 0	 <cm_addr> 1987
Lwt		 <pos> 0	 <cm_addr> 2003
Lwt		 <pos> 0	 <cm_addr> 2019
Lwt		 <pos> 0	 <cm_addr> 2035
Lwt		 <pos> 0	 <cm_addr> 4
Lwt		 <pos> 0	 <cm_addr> 20
Lwt		 <pos> 0	 <cm_addr> 36
Lwt		 <pos> 0	 <cm_addr> 52
Lwt		 <pos> 0	 <cm_addr> 68
Lwt		 <pos> 0	 <cm_addr> 84
Lwt		 <pos> 0	 <cm_addr> 100
Lwt		 <pos> 0	 <cm_addr> 116
Lwt		 <pos> 0	 <cm_addr> 132
Lwt		 <pos> 0	 <cm_addr> 148
Lwt		 <pos> 0	 <cm_addr> 164
Lwt		 <pos> 0	 <cm_addr> 180
Lwt		 <pos> 0	 <cm_addr> 196
Lwt		 <pos> 0	 <cm_addr> 212
Lwt		 <pos> 0	 <cm_addr> 228
Lwt		 <pos> 0	 <cm_addr> 244
Lwt		 <pos> 0	 <cm_addr> 260
Lwt		 <pos> 0	 <cm_addr> 276
Lwt		 <pos> 0	 <cm_addr> 292
Lwt		 <pos> 0	 <cm_addr> 308
Lwt		 <pos> 0	 <cm_addr> 324
Lwt		 <pos> 0	 <cm_addr> 340
Lwt		 <pos> 0	 <cm_addr> 356
Lwt		 <pos> 0	 <cm_addr> 372
Lwt		 <pos> 0	 <cm_addr> 388
Lwt		 <pos> 0	 <cm_addr> 404
Lwt		 <pos> 0	 <cm_addr> 420
Lwt		 <pos> 0	 <cm_addr> 436
Lwt		 <pos> 0	 <cm_addr> 452
Lwt		 <pos> 0	 <cm_addr> 468
Lwt		 <pos> 0	 <cm_addr> 484
Lwt		 <pos> 0	 <cm_addr> 500
Lwt		 <pos> 0	 <cm_addr> 516
Lwt		 <pos> 0	 <cm_addr> 532
Lwt		 <pos> 0	 <cm_addr> 548
Lwt		 <pos> 0	 <cm_addr> 564
Lwt		 <pos> 0	 <cm_addr> 580
Lwt		 <pos> 0	 <cm_addr> 596
Lwt		 <pos> 0	 <cm_addr> 612
Lwt		 <pos> 0	 <cm_addr> 628
Lwt		 <pos> 0	 <cm_addr> 644
Lwt		 <pos> 0	 <cm_addr> 660
Lwt		 <pos> 0	 <cm_addr> 676
Lwt		 <pos> 0	 <cm_addr> 692
Lwt		 <pos> 0	 <cm_addr> 708
Lwt		 <pos> 0	 <cm_addr> 724
Lwt		 <pos> 0	 <cm_addr> 740
Lwt		 <pos> 0	 <cm_addr> 756
Lwt		 <pos> 0	 <cm_addr> 772
Lwt		 <pos> 0	 <cm_addr> 788
Lwt		 <pos> 0	 <cm_addr> 804
Lwt		 <pos> 0	 <cm_addr> 820
Lwt		 <pos> 0	 <cm_addr> 836
Lwt		 <pos> 0	 <cm_addr> 852
Lwt		 <pos> 0	 <cm_addr> 868
Lwt		 <pos> 0	 <cm_addr> 884
Lwt		 <pos> 0	 <cm_addr> 900
Lwt		 <pos> 0	 <cm_addr> 916
Lwt		 <pos> 0	 <cm_addr> 932
Lwt		 <pos> 0	 <cm_addr> 948
Lwt		 <pos> 0	 <cm_addr> 964
Lwt		 <pos> 0	 <cm_addr> 980
Lwt		 <pos> 0	 <cm_addr> 996
Lwt		 <pos> 0	 <cm_addr> 1012
Lwt		 <pos> 0	 <cm_addr> 1028
Lwt		 <pos> 0	 <cm_addr> 1044
Lwt		 <pos> 0	 <cm_addr> 1060
Lwt		 <pos> 0	 <cm_addr> 1076
Lwt		 <pos> 0	 <cm_addr> 1092
Lwt		 <pos> 0	 <cm_addr> 1108
Lwt		 <pos> 0	 <cm_addr> 1124
Lwt		 <pos> 0	 <cm_addr> 1140
Lwt		 <pos> 0	 <cm_addr> 1156
Lwt		 <pos> 0	 <cm_addr> 1172
Lwt		 <pos> 0	 <cm_addr> 1188
Lwt		 <pos> 0	 <cm_addr> 1204
Lwt		 <pos> 0	 <cm_addr> 1220
Lwt		 <pos> 0	 <cm_addr> 1236
Lwt		 <pos> 0	 <cm_addr> 1252
Lwt		 <pos> 0	 <cm_addr> 1268
Lwt		 <pos> 0	 <cm_addr> 1284
Lwt		 <pos> 0	 <cm_addr> 1300
Lwt		 <pos> 0	 <cm_addr> 1316
Lwt		 <pos> 0	 <cm_addr> 1332
Lwt		 <pos> 0	 <cm_addr> 1348
Lwt		 <pos> 0	 <cm_addr> 1364
Lwt		 <pos> 0	 <cm_addr> 1380
Lwt		 <pos> 0	 <cm_addr> 1396
Lwt		 <pos> 0	 <cm_addr> 1412
Lwt		 <pos> 0	 <cm_addr> 1428
Lwt		 <pos> 0	 <cm_addr> 1444
Lwt		 <pos> 0	 <cm_addr> 1460
Lwt		 <pos> 0	 <cm_addr> 1476
Lwt		 <pos> 0	 <cm_addr> 1492
Lwt		 <pos> 0	 <cm_addr> 1508
Lwt		 <pos> 0	 <cm_addr> 1524
Lwt		 <pos> 0	 <cm_addr> 1540
Lwt		 <pos> 0	 <cm_addr> 1556
Lwt		 <pos> 0	 <cm_addr> 1572
Lwt		 <pos> 0	 <cm_addr> 1588
Lwt		 <pos> 0	 <cm_addr> 1604
Lwt		 <pos> 0	 <cm_addr> 1620
Lwt		 <pos> 0	 <cm_addr> 1636
Lwt		 <pos> 0	 <cm_addr> 1652
Lwt		 <pos> 0	 <cm_addr> 1668
Lwt		 <pos> 0	 <cm_addr> 1684
Lwt		 <pos> 0	 <cm_addr> 1700
Lwt		 <pos> 0	 <cm_addr> 1716
Lwt		 <pos> 0	 <cm_addr> 1732
Lwt		 <pos> 0	 <cm_addr> 1748
Lwt		 <pos> 0	 <cm_addr> 1764
Lwt		 <pos> 0	 <cm_addr> 1780
Lwt		 <pos> 0	 <cm_addr> 1796
Lwt		 <pos> 0	 <cm_addr> 1812
Lwt		 <pos> 0	 <cm_addr> 1828
Lwt		 <pos> 0	 <cm_addr> 1844
Lwt		 <pos> 0	 <cm_addr> 1860
Lwt		 <pos> 0	 <cm_addr> 1876
Lwt		 <pos> 0	 <cm_addr> 1892
Lwt		 <pos> 0	 <cm_addr> 1908
Lwt		 <pos> 0	 <cm_addr> 1924
Lwt		 <pos> 0	 <cm_addr> 1940
Lwt		 <pos> 0	 <cm_addr> 1956
Lwt		 <pos> 0	 <cm_addr> 1972
Lwt		 <pos> 0	 <cm_addr> 1988
Lwt		 <pos> 0	 <cm_addr> 2004
Lwt		 <pos> 0	 <cm_addr> 2020
Lwt		 <pos> 0	 <cm_addr> 2036
Lwt		 <pos> 0	 <cm_addr> 5
Lwt		 <pos> 0	 <cm_addr> 21
Lwt		 <pos> 0	 <cm_addr> 37
Lwt		 <pos> 0	 <cm_addr> 53
Lwt		 <pos> 0	 <cm_addr> 69
Lwt		 <pos> 0	 <cm_addr> 85
Lwt		 <pos> 0	 <cm_addr> 101
Lwt		 <pos> 0	 <cm_addr> 117
Lwt		 <pos> 0	 <cm_addr> 133
Lwt		 <pos> 0	 <cm_addr> 149
Lwt		 <pos> 0	 <cm_addr> 165
Lwt		 <pos> 0	 <cm_addr> 181
Lwt		 <pos> 0	 <cm_addr> 197
Lwt		 <pos> 0	 <cm_addr> 213
Lwt		 <pos> 0	 <cm_addr> 229
Lwt		 <pos> 0	 <cm_addr> 245
Lwt		 <pos> 0	 <cm_addr> 261
Lwt		 <pos> 0	 <cm_addr> 277
Lwt		 <pos> 0	 <cm_addr> 293
Lwt		 <pos> 0	 <cm_addr> 309
Lwt		 <pos> 0	 <cm_addr> 325
Lwt		 <pos> 0	 <cm_addr> 341
Lwt		 <pos> 0	 <cm_addr> 357
Lwt		 <pos> 0	 <cm_addr> 373
Lwt		 <pos> 0	 <cm_addr> 389
Lwt		 <pos> 0	 <cm_addr> 405
Lwt		 <pos> 0	 <cm_addr> 421
Lwt		 <pos> 0	 <cm_addr> 437
Lwt		 <pos> 0	 <cm_addr> 453
Lwt		 <pos> 0	 <cm_addr> 469
Lwt		 <pos> 0	 <cm_addr> 485
Lwt		 <pos> 0	 <cm_addr> 501
Lwt		 <pos> 0	 <cm_addr> 517
Lwt		 <pos> 0	 <cm_addr> 533
Lwt		 <pos> 0	 <cm_addr> 549
Lwt		 <pos> 0	 <cm_addr> 565
Lwt		 <pos> 0	 <cm_addr> 581
Lwt		 <pos> 0	 <cm_addr> 597
Lwt		 <pos> 0	 <cm_addr> 613
Lwt		 <pos> 0	 <cm_addr> 629
Lwt		 <pos> 0	 <cm_addr> 645
Lwt		 <pos> 0	 <cm_addr> 661
Lwt		 <pos> 0	 <cm_addr> 677
Lwt		 <pos> 0	 <cm_addr> 693
Lwt		 <pos> 0	 <cm_addr> 709
Lwt		 <pos> 0	 <cm_addr> 725
Lwt		 <pos> 0	 <cm_addr> 741
Lwt		 <pos> 0	 <cm_addr> 757
Lwt		 <pos> 0	 <cm_addr> 773
Lwt		 <pos> 0	 <cm_addr> 789
Lwt		 <pos> 0	 <cm_addr> 805
Lwt		 <pos> 0	 <cm_addr> 821
Lwt		 <pos> 0	 <cm_addr> 837
Lwt		 <pos> 0	 <cm_addr> 853
Lwt		 <pos> 0	 <cm_addr> 869
Lwt		 <pos> 0	 <cm_addr> 885
Lwt		 <pos> 0	 <cm_addr> 901
Lwt		 <pos> 0	 <cm_addr> 917
Lwt		 <pos> 0	 <cm_addr> 933
Lwt		 <pos> 0	 <cm_addr> 949
Lwt		 <pos> 0	 <cm_addr> 965
Lwt		 <pos> 0	 <cm_addr> 981
Lwt		 <pos> 0	 <cm_addr> 997
Lwt		 <pos> 0	 <cm_addr> 1013
Lwt		 <pos> 0	 <cm_addr> 1029
Lwt		 <pos> 0	 <cm_addr> 1045
Lwt		 <pos> 0	 <cm_addr> 1061
Lwt		 <pos> 0	 <cm_addr> 1077
Lwt		 <pos> 0	 <cm_addr> 1093
Lwt		 <pos> 0	 <cm_addr> 1109
Lwt		 <pos> 0	 <cm_addr> 1125
Lwt		 <pos> 0	 <cm_addr> 1141
Lwt		 <pos> 0	 <cm_addr> 1157
Lwt		 <pos> 0	 <cm_addr> 1173
Lwt		 <pos> 0	 <cm_addr> 1189
Lwt		 <pos> 0	 <cm_addr> 1205
Lwt		 <pos> 0	 <cm_addr> 1221
Lwt		 <pos> 0	 <cm_addr> 1237
Lwt		 <pos> 0	 <cm_addr> 1253
Lwt		 <pos> 0	 <cm_addr> 1269
Lwt		 <pos> 0	 <cm_addr> 1285
Lwt		 <pos> 0	 <cm_addr> 1301
Lwt		 <pos> 0	 <cm_addr> 1317
Lwt		 <pos> 0	 <cm_addr> 1333
Lwt		 <pos> 0	 <cm_addr> 1349
Lwt		 <pos> 0	 <cm_addr> 1365
Lwt		 <pos> 0	 <cm_addr> 1381
Lwt		 <pos> 0	 <cm_addr> 1397
Lwt		 <pos> 0	 <cm_addr> 1413
Lwt		 <pos> 0	 <cm_addr> 1429
Lwt		 <pos> 0	 <cm_addr> 1445
Lwt		 <pos> 0	 <cm_addr> 1461
Lwt		 <pos> 0	 <cm_addr> 1477
Lwt		 <pos> 0	 <cm_addr> 1493
Lwt		 <pos> 0	 <cm_addr> 1509
Lwt		 <pos> 0	 <cm_addr> 1525
Lwt		 <pos> 0	 <cm_addr> 1541
Lwt		 <pos> 0	 <cm_addr> 1557
Lwt		 <pos> 0	 <cm_addr> 1573
Lwt		 <pos> 0	 <cm_addr> 1589
Lwt		 <pos> 0	 <cm_addr> 1605
Lwt		 <pos> 0	 <cm_addr> 1621
Lwt		 <pos> 0	 <cm_addr> 1637
Lwt		 <pos> 0	 <cm_addr> 1653
Lwt		 <pos> 0	 <cm_addr> 1669
Lwt		 <pos> 0	 <cm_addr> 1685
Lwt		 <pos> 0	 <cm_addr> 1701
Lwt		 <pos> 0	 <cm_addr> 1717
Lwt		 <pos> 0	 <cm_addr> 1733
Lwt		 <pos> 0	 <cm_addr> 1749
Lwt		 <pos> 0	 <cm_addr> 1765
Lwt		 <pos> 0	 <cm_addr> 1781
Lwt		 <pos> 0	 <cm_addr> 1797
Lwt		 <pos> 0	 <cm_addr> 1813
Lwt		 <pos> 0	 <cm_addr> 1829
Lwt		 <pos> 0	 <cm_addr> 1845
Lwt		 <pos> 0	 <cm_addr> 1861
Lwt		 <pos> 0	 <cm_addr> 1877
Lwt		 <pos> 0	 <cm_addr> 1893
Lwt		 <pos> 0	 <cm_addr> 1909
Lwt		 <pos> 0	 <cm_addr> 1925
Lwt		 <pos> 0	 <cm_addr> 1941
Lwt		 <pos> 0	 <cm_addr> 1957
Lwt		 <pos> 0	 <cm_addr> 1973
Lwt		 <pos> 0	 <cm_addr> 1989
Lwt		 <pos> 0	 <cm_addr> 2005
Lwt		 <pos> 0	 <cm_addr> 2021
Lwt		 <pos> 0	 <cm_addr> 2037
Lwt		 <pos> 0	 <cm_addr> 6
Lwt		 <pos> 0	 <cm_addr> 22
Lwt		 <pos> 0	 <cm_addr> 38
Lwt		 <pos> 0	 <cm_addr> 54
Lwt		 <pos> 0	 <cm_addr> 70
Lwt		 <pos> 0	 <cm_addr> 86
Lwt		 <pos> 0	 <cm_addr> 102
Lwt		 <pos> 0	 <cm_addr> 118
Lwt		 <pos> 0	 <cm_addr> 134
Lwt		 <pos> 0	 <cm_addr> 150
Lwt		 <pos> 0	 <cm_addr> 166
Lwt		 <pos> 0	 <cm_addr> 182
Lwt		 <pos> 0	 <cm_addr> 198
Lwt		 <pos> 0	 <cm_addr> 214
Lwt		 <pos> 0	 <cm_addr> 230
Lwt		 <pos> 0	 <cm_addr> 246
Lwt		 <pos> 0	 <cm_addr> 262
Lwt		 <pos> 0	 <cm_addr> 278
Lwt		 <pos> 0	 <cm_addr> 294
Lwt		 <pos> 0	 <cm_addr> 310
Lwt		 <pos> 0	 <cm_addr> 326
Lwt		 <pos> 0	 <cm_addr> 342
Lwt		 <pos> 0	 <cm_addr> 358
Lwt		 <pos> 0	 <cm_addr> 374
Lwt		 <pos> 0	 <cm_addr> 390
Lwt		 <pos> 0	 <cm_addr> 406
Lwt		 <pos> 0	 <cm_addr> 422
Lwt		 <pos> 0	 <cm_addr> 438
Lwt		 <pos> 0	 <cm_addr> 454
Lwt		 <pos> 0	 <cm_addr> 470
Lwt		 <pos> 0	 <cm_addr> 486
Lwt		 <pos> 0	 <cm_addr> 502
Lwt		 <pos> 0	 <cm_addr> 518
Lwt		 <pos> 0	 <cm_addr> 534
Lwt		 <pos> 0	 <cm_addr> 550
Lwt		 <pos> 0	 <cm_addr> 566
Lwt		 <pos> 0	 <cm_addr> 582
Lwt		 <pos> 0	 <cm_addr> 598
Lwt		 <pos> 0	 <cm_addr> 614
Lwt		 <pos> 0	 <cm_addr> 630
Lwt		 <pos> 0	 <cm_addr> 646
Lwt		 <pos> 0	 <cm_addr> 662
Lwt		 <pos> 0	 <cm_addr> 678
Lwt		 <pos> 0	 <cm_addr> 694
Lwt		 <pos> 0	 <cm_addr> 710
Lwt		 <pos> 0	 <cm_addr> 726
Lwt		 <pos> 0	 <cm_addr> 742
Lwt		 <pos> 0	 <cm_addr> 758
Lwt		 <pos> 0	 <cm_addr> 774
Lwt		 <pos> 0	 <cm_addr> 790
Lwt		 <pos> 0	 <cm_addr> 806
Lwt		 <pos> 0	 <cm_addr> 822
Lwt		 <pos> 0	 <cm_addr> 838
Lwt		 <pos> 0	 <cm_addr> 854
Lwt		 <pos> 0	 <cm_addr> 870
Lwt		 <pos> 0	 <cm_addr> 886
Lwt		 <pos> 0	 <cm_addr> 902
Lwt		 <pos> 0	 <cm_addr> 918
Lwt		 <pos> 0	 <cm_addr> 934
Lwt		 <pos> 0	 <cm_addr> 950
Lwt		 <pos> 0	 <cm_addr> 966
Lwt		 <pos> 0	 <cm_addr> 982
Lwt		 <pos> 0	 <cm_addr> 998
Lwt		 <pos> 0	 <cm_addr> 1014
Lwt		 <pos> 0	 <cm_addr> 1030
Lwt		 <pos> 0	 <cm_addr> 1046
Lwt		 <pos> 0	 <cm_addr> 1062
Lwt		 <pos> 0	 <cm_addr> 1078
Lwt		 <pos> 0	 <cm_addr> 1094
Lwt		 <pos> 0	 <cm_addr> 1110
Lwt		 <pos> 0	 <cm_addr> 1126
Lwt		 <pos> 0	 <cm_addr> 1142
Lwt		 <pos> 0	 <cm_addr> 1158
Lwt		 <pos> 0	 <cm_addr> 1174
Lwt		 <pos> 0	 <cm_addr> 1190
Lwt		 <pos> 0	 <cm_addr> 1206
Lwt		 <pos> 0	 <cm_addr> 1222
Lwt		 <pos> 0	 <cm_addr> 1238
Lwt		 <pos> 0	 <cm_addr> 1254
Lwt		 <pos> 0	 <cm_addr> 1270
Lwt		 <pos> 0	 <cm_addr> 1286
Lwt		 <pos> 0	 <cm_addr> 1302
Lwt		 <pos> 0	 <cm_addr> 1318
Lwt		 <pos> 0	 <cm_addr> 1334
Lwt		 <pos> 0	 <cm_addr> 1350
Lwt		 <pos> 0	 <cm_addr> 1366
Lwt		 <pos> 0	 <cm_addr> 1382
Lwt		 <pos> 0	 <cm_addr> 1398
Lwt		 <pos> 0	 <cm_addr> 1414
Lwt		 <pos> 0	 <cm_addr> 1430
Lwt		 <pos> 0	 <cm_addr> 1446
Lwt		 <pos> 0	 <cm_addr> 1462
Lwt		 <pos> 0	 <cm_addr> 1478
Lwt		 <pos> 0	 <cm_addr> 1494
Lwt		 <pos> 0	 <cm_addr> 1510
Lwt		 <pos> 0	 <cm_addr> 1526
Lwt		 <pos> 0	 <cm_addr> 1542
Lwt		 <pos> 0	 <cm_addr> 1558
Lwt		 <pos> 0	 <cm_addr> 1574
Lwt		 <pos> 0	 <cm_addr> 1590
Lwt		 <pos> 0	 <cm_addr> 1606
Lwt		 <pos> 0	 <cm_addr> 1622
Lwt		 <pos> 0	 <cm_addr> 1638
Lwt		 <pos> 0	 <cm_addr> 1654
Lwt		 <pos> 0	 <cm_addr> 1670
Lwt		 <pos> 0	 <cm_addr> 1686
Lwt		 <pos> 0	 <cm_addr> 1702
Lwt		 <pos> 0	 <cm_addr> 1718
Lwt		 <pos> 0	 <cm_addr> 1734
Lwt		 <pos> 0	 <cm_addr> 1750
Lwt		 <pos> 0	 <cm_addr> 1766
Lwt		 <pos> 0	 <cm_addr> 1782
Lwt		 <pos> 0	 <cm_addr> 1798
Lwt		 <pos> 0	 <cm_addr> 1814
Lwt		 <pos> 0	 <cm_addr> 1830
Lwt		 <pos> 0	 <cm_addr> 1846
Lwt		 <pos> 0	 <cm_addr> 1862
Lwt		 <pos> 0	 <cm_addr> 1878
Lwt		 <pos> 0	 <cm_addr> 1894
Lwt		 <pos> 0	 <cm_addr> 1910
Lwt		 <pos> 0	 <cm_addr> 1926
Lwt		 <pos> 0	 <cm_addr> 1942
Lwt		 <pos> 0	 <cm_addr> 1958
Lwt		 <pos> 0	 <cm_addr> 1974
Lwt		 <pos> 0	 <cm_addr> 1990
Lwt		 <pos> 0	 <cm_addr> 2006
Lwt		 <pos> 0	 <cm_addr> 2022
Lwt		 <pos> 0	 <cm_addr> 2038
Lwt		 <pos> 0	 <cm_addr> 7
Lwt		 <pos> 0	 <cm_addr> 23
Lwt		 <pos> 0	 <cm_addr> 39
Lwt		 <pos> 0	 <cm_addr> 55
Lwt		 <pos> 0	 <cm_addr> 71
Lwt		 <pos> 0	 <cm_addr> 87
Lwt		 <pos> 0	 <cm_addr> 103
Lwt		 <pos> 0	 <cm_addr> 119
Lwt		 <pos> 0	 <cm_addr> 135
Lwt		 <pos> 0	 <cm_addr> 151
Lwt		 <pos> 0	 <cm_addr> 167
Lwt		 <pos> 0	 <cm_addr> 183
Lwt		 <pos> 0	 <cm_addr> 199
Lwt		 <pos> 0	 <cm_addr> 215
Lwt		 <pos> 0	 <cm_addr> 231
Lwt		 <pos> 0	 <cm_addr> 247
Lwt		 <pos> 0	 <cm_addr> 263
Lwt		 <pos> 0	 <cm_addr> 279
Lwt		 <pos> 0	 <cm_addr> 295
Lwt		 <pos> 0	 <cm_addr> 311
Lwt		 <pos> 0	 <cm_addr> 327
Lwt		 <pos> 0	 <cm_addr> 343
Lwt		 <pos> 0	 <cm_addr> 359
Lwt		 <pos> 0	 <cm_addr> 375
Lwt		 <pos> 0	 <cm_addr> 391
Lwt		 <pos> 0	 <cm_addr> 407
Lwt		 <pos> 0	 <cm_addr> 423
Lwt		 <pos> 0	 <cm_addr> 439
Lwt		 <pos> 0	 <cm_addr> 455
Lwt		 <pos> 0	 <cm_addr> 471
Lwt		 <pos> 0	 <cm_addr> 487
Lwt		 <pos> 0	 <cm_addr> 503
Lwt		 <pos> 0	 <cm_addr> 519
Lwt		 <pos> 0	 <cm_addr> 535
Lwt		 <pos> 0	 <cm_addr> 551
Lwt		 <pos> 0	 <cm_addr> 567
Lwt		 <pos> 0	 <cm_addr> 583
Lwt		 <pos> 0	 <cm_addr> 599
Lwt		 <pos> 0	 <cm_addr> 615
Lwt		 <pos> 0	 <cm_addr> 631
Lwt		 <pos> 0	 <cm_addr> 647
Lwt		 <pos> 0	 <cm_addr> 663
Lwt		 <pos> 0	 <cm_addr> 679
Lwt		 <pos> 0	 <cm_addr> 695
Lwt		 <pos> 0	 <cm_addr> 711
Lwt		 <pos> 0	 <cm_addr> 727
Lwt		 <pos> 0	 <cm_addr> 743
Lwt		 <pos> 0	 <cm_addr> 759
Lwt		 <pos> 0	 <cm_addr> 775
Lwt		 <pos> 0	 <cm_addr> 791
Lwt		 <pos> 0	 <cm_addr> 807
Lwt		 <pos> 0	 <cm_addr> 823
Lwt		 <pos> 0	 <cm_addr> 839
Lwt		 <pos> 0	 <cm_addr> 855
Lwt		 <pos> 0	 <cm_addr> 871
Lwt		 <pos> 0	 <cm_addr> 887
Lwt		 <pos> 0	 <cm_addr> 903
Lwt		 <pos> 0	 <cm_addr> 919
Lwt		 <pos> 0	 <cm_addr> 935
Lwt		 <pos> 0	 <cm_addr> 951
Lwt		 <pos> 0	 <cm_addr> 967
Lwt		 <pos> 0	 <cm_addr> 983
Lwt		 <pos> 0	 <cm_addr> 999
Lwt		 <pos> 0	 <cm_addr> 1015
Lwt		 <pos> 0	 <cm_addr> 1031
Lwt		 <pos> 0	 <cm_addr> 1047
Lwt		 <pos> 0	 <cm_addr> 1063
Lwt		 <pos> 0	 <cm_addr> 1079
Lwt		 <pos> 0	 <cm_addr> 1095
Lwt		 <pos> 0	 <cm_addr> 1111
Lwt		 <pos> 0	 <cm_addr> 1127
Lwt		 <pos> 0	 <cm_addr> 1143
Lwt		 <pos> 0	 <cm_addr> 1159
Lwt		 <pos> 0	 <cm_addr> 1175
Lwt		 <pos> 0	 <cm_addr> 1191
Lwt		 <pos> 0	 <cm_addr> 1207
Lwt		 <pos> 0	 <cm_addr> 1223
Lwt		 <pos> 0	 <cm_addr> 1239
Lwt		 <pos> 0	 <cm_addr> 1255
Lwt		 <pos> 0	 <cm_addr> 1271
Lwt		 <pos> 0	 <cm_addr> 1287
Lwt		 <pos> 0	 <cm_addr> 1303
Lwt		 <pos> 0	 <cm_addr> 1319
Lwt		 <pos> 0	 <cm_addr> 1335
Lwt		 <pos> 0	 <cm_addr> 1351
Lwt		 <pos> 0	 <cm_addr> 1367
Lwt		 <pos> 0	 <cm_addr> 1383
Lwt		 <pos> 0	 <cm_addr> 1399
Lwt		 <pos> 0	 <cm_addr> 1415
Lwt		 <pos> 0	 <cm_addr> 1431
Lwt		 <pos> 0	 <cm_addr> 1447
Lwt		 <pos> 0	 <cm_addr> 1463
Lwt		 <pos> 0	 <cm_addr> 1479
Lwt		 <pos> 0	 <cm_addr> 1495
Lwt		 <pos> 0	 <cm_addr> 1511
Lwt		 <pos> 0	 <cm_addr> 1527
Lwt		 <pos> 0	 <cm_addr> 1543
Lwt		 <pos> 0	 <cm_addr> 1559
Lwt		 <pos> 0	 <cm_addr> 1575
Lwt		 <pos> 0	 <cm_addr> 1591
Lwt		 <pos> 0	 <cm_addr> 1607
Lwt		 <pos> 0	 <cm_addr> 1623
Lwt		 <pos> 0	 <cm_addr> 1639
Lwt		 <pos> 0	 <cm_addr> 1655
Lwt		 <pos> 0	 <cm_addr> 1671
Lwt		 <pos> 0	 <cm_addr> 1687
Lwt		 <pos> 0	 <cm_addr> 1703
Lwt		 <pos> 0	 <cm_addr> 1719
Lwt		 <pos> 0	 <cm_addr> 1735
Lwt		 <pos> 0	 <cm_addr> 1751
Lwt		 <pos> 0	 <cm_addr> 1767
Lwt		 <pos> 0	 <cm_addr> 1783
Lwt		 <pos> 0	 <cm_addr> 1799
Lwt		 <pos> 0	 <cm_addr> 1815
Lwt		 <pos> 0	 <cm_addr> 1831
Lwt		 <pos> 0	 <cm_addr> 1847
Lwt		 <pos> 0	 <cm_addr> 1863
Lwt		 <pos> 0	 <cm_addr> 1879
Lwt		 <pos> 0	 <cm_addr> 1895
Lwt		 <pos> 0	 <cm_addr> 1911
Lwt		 <pos> 0	 <cm_addr> 1927
Lwt		 <pos> 0	 <cm_addr> 1943
Lwt		 <pos> 0	 <cm_addr> 1959
Lwt		 <pos> 0	 <cm_addr> 1975
Lwt		 <pos> 0	 <cm_addr> 1991
Lwt		 <pos> 0	 <cm_addr> 2007
Lwt		 <pos> 0	 <cm_addr> 2023
Lwt		 <pos> 0	 <cm_addr> 2039
Nop
Nop
Nop
Nop
Cmpfis	 <is_addr> 0	 <ca> 0	 <ptos> 
Cmpfis	 <is_addr> 0	 <ca> 1	 <ptos> 
Cmpfis	 <is_addr> 0	 <ca> 2	 <ptos> 
Cmpfis	 <is_addr> 0	 <ca> 3	 <ptos> 
Cmpfis	 <is_addr> 0	 <ca> 4	 <ptos> 
Cmpfis	 <is_addr> 0	 <ca> 5	 <ptos> 
Cmpfis	 <is_addr> 0	 <ca> 6	 <ptos> 
Cmpfis	 <is_addr> 0	 <ca> 7	 <ptos> 
Cmpfgtp	 <pos> 	3
Cmpfgtp	 <pos> 	2
Cmpfgtp	 <pos> 	1
Cmpfgt	 <pos> 	0	 <ca> 0	 <ptos> 
Cmpfgt	 <pos> 	0	 <ca> 1	 <ptos> 
Cmpfgt	 <pos> 	0	 <ca> 2	 <ptos> 
Cmpfgt	 <pos> 	0	 <ca> 3	 <ptos> 
Cmpfgt	 <pos> 	0	 <ca> 4	 <ptos> 
Cmpfgt	 <pos> 	0	 <ca> 5	 <ptos> 
Cmpfgt	 <pos> 	0	 <ca> 6	 <ptos> 
Cmpfgt	 <pos> 	0	 <ca> 7	 <ptos> 
