****************************************
Report : Time Based Power
	-verbose
Design : top
Version: M-2016.12-SP2
Date   : Fri Mar  8 13:44:22 2024
****************************************

Simulation Periods: 1246 ns - 1286 ns

Sampling Interval: 1 ns

Library(s) Used:

    tcbn28hpcplusbwp7t30p140hvtssg0p81vm40c_ccs (File: /projects/soc/TECHLIB/TSMC/28nm/tcbn28hpcplusbwp7t30p140hvt_180a/TSMCHOME/digital/Front_End/timing_power_noise/CCS/tcbn28hpcplusbwp7t30p140hvt_180a/tcbn28hpcplusbwp7t30p140hvtssg0p81vm40c_ccs.db)
    sram_1024x128_ssg_0p81v_0p81v_m40c (File: /home/soc/shiyh23/5_GPCIMPU/2-SYN/link_lib/sram_1024x128_ssg_0p81_0p81_m40c_ccs.db)
    sin_bp_macro_ssg0p81vm40c (File: /home/soc/shiyh23/5_GPCIMPU/2-SYN/link_lib/sin_bp_macro_ssg0p81vm40c.db)


Operating Conditions: ssg0p81vm40c   Library: tcbn28hpcplusbwp7t30p140hvtssg0p81vm40c_ccs
Wire Load Model Mode: top

Cell               Design       Wire_model  Library       Selection_type
--------------------------------------------------------------------------------
                   top          ZeroWireload
                                            tcbn28hpcplusbwp7t30p140hvtssg0p81vm40c_ccs
                                                          automatic-by-area

Power-specific unit information :
    Voltage Units = 1 V
    Capacitance Units = 1 pf
    Time Units = 1 ns
    Dynamic Power Units = 1 W
    Leakage Power Units = 1 W



  Attributes
  ----------
      i  -  Including register clock pin internal power
      u  -  User defined power group

                        Internal  Switching  Leakage    Total
Power Group             Power     Power      Power      Power   (     %)  Attrs
--------------------------------------------------------------------------------
clock_network           1.097e-04 1.017e-04 1.436e-08 2.114e-04 ( 2.91%)  
register                5.261e-03 4.769e-05 1.093e-06 5.310e-03 (73.14%)  i
combinational           3.190e-04 1.361e-04 4.217e-07 4.555e-04 ( 6.28%)  
sequential                 0.0000    0.0000    0.0000    0.0000 ( 0.00%)  
memory                  9.591e-04    0.0000 1.497e-04 1.109e-03 (15.27%)  
io_pad                     0.0000    0.0000    0.0000    0.0000 ( 0.00%)  
black_box                  0.0000    0.0000 1.739e-04 1.739e-04 ( 2.40%)  

  Net Switching Power  = 2.854e-04   ( 3.93%)
  Cell Internal Power  = 6.649e-03   (91.59%)
  Cell Leakage Power   = 3.251e-04   ( 4.48%)
                         ---------
Total Power            = 7.260e-03  (100.00%)

X Transition Power     =    0.0000
Glitching Power        =    0.0000

Peak Power             =    0.0144
Peak Time              =      1282

1
