###################################Lin Lin Lin ###################################
                                      Int      Switch   Leak      Total
Hierarchy                             Power    Power    Power     Power    %
--------------------------------------------------------------------------------
top                                   3.38e-02 1.24e-04 3.25e-04  3.42e-02 100.0
  u_fd (fd)                           3.04e-02 1.20e-04 7.53e-05  3.06e-02  89.5
    u_input_sram (input_sram)         2.92e-02    0.000 7.49e-05  2.93e-02  85.6
  u_gd (gd)                           1.82e-03    0.000 7.57e-05  1.89e-03   5.5
    u_output_sram (output_sram)       1.51e-04    0.000 7.49e-05  2.26e-04   0.7
    u_int32_int8 (int32_int8)            0.000    0.000 1.91e-09  1.91e-09   0.0
  u_macros (macros)                   8.13e-04    0.000 1.74e-04  9.88e-04   2.9
  u_penalty (penalty)                 1.76e-04    0.000 2.65e-08  1.76e-04   0.5

                        Internal  Switching  Leakage    Total
Power Group             Power     Power      Power      Power   (     %)  Attrs
--------------------------------------------------------------------------------
clock_network           1.053e-04 4.066e-05 1.411e-08 1.460e-04 ( 0.43%)  
register                4.276e-03 5.176e-05 1.089e-06 4.329e-03 (12.64%)  i
combinational           1.611e-05 3.207e-05 4.105e-07 4.860e-05 ( 0.14%)  
sequential                 0.0000    0.0000    0.0000    0.0000 ( 0.00%)  
memory                     0.0294    0.0000 1.497e-04    0.0295 (86.28%)  
io_pad                     0.0000    0.0000    0.0000    0.0000 ( 0.00%)  
black_box                  0.0000    0.0000 1.739e-04 1.739e-04 ( 0.51%)  

  Net Switching Power  = 1.245e-04   ( 0.36%)
  Cell Internal Power  =    0.0338   (98.69%)
  Cell Leakage Power   = 3.251e-04   ( 0.95%)
                         ---------
Total Power            =    0.0342  (100.00%)

###################################Linp Linp Linp ###################################
                                      Int      Switch   Leak      Total
Hierarchy                             Power    Power    Power     Power    %
--------------------------------------------------------------------------------
top                                   4.94e-03 8.64e-05 3.25e-04  5.35e-03 100.0
  u_gd (gd)                           1.82e-03    0.000 7.57e-05  1.89e-03  35.4
    u_output_sram (output_sram)       1.51e-04    0.000 7.49e-05  2.26e-04   4.2
    u_int32_int8 (int32_int8)            0.000    0.000 1.91e-09  1.91e-09   0.0
  u_fd (fd)                           1.59e-03 8.16e-05 7.53e-05  1.75e-03  32.7
    u_input_sram (input_sram)         4.32e-04    0.000 7.49e-05  5.07e-04   9.5
  u_macros (macros)                   8.13e-04    0.000 1.74e-04  9.88e-04  18.5
  u_penalty (penalty)                 1.76e-04    0.000 2.65e-08  1.76e-04   3.3

                        Internal  Switching  Leakage    Total
Power Group             Power     Power      Power      Power   (     %)  Attrs
--------------------------------------------------------------------------------
clock_network           1.087e-04 4.066e-05 1.411e-08 1.494e-04 ( 2.79%)  
register                4.230e-03 1.291e-05 1.089e-06 4.244e-03 (79.35%)  i
combinational           1.630e-05 3.284e-05 4.117e-07 4.956e-05 ( 0.93%)  
sequential                 0.0000    0.0000    0.0000    0.0000 ( 0.00%)  
memory                  5.821e-04    0.0000 1.497e-04 7.319e-04 (13.68%)  
io_pad                     0.0000    0.0000    0.0000    0.0000 ( 0.00%)  
black_box                  0.0000    0.0000 1.739e-04 1.739e-04 ( 3.25%)  

  Net Switching Power  = 8.642e-05   ( 1.62%)
  Cell Internal Power  = 4.937e-03   (92.31%)
  Cell Leakage Power   = 3.251e-04   ( 6.08%)
                         ---------
Total Power            = 5.349e-03  (100.00%)

###################################Lwt Lwt Lwt ###################################
                                      Int      Switch   Leak      Total
Hierarchy                             Power    Power    Power     Power    %
--------------------------------------------------------------------------------
top                                   1.26e-02 3.37e-04 3.25e-04  1.32e-02 100.0
  u_macros (macros)                   7.27e-03 9.11e-06 1.74e-04  7.45e-03  56.3
  u_fd (fd)                           2.76e-03 3.23e-04 7.53e-05  3.16e-03  23.9
    u_input_sram (input_sram)         1.50e-04    0.000 7.49e-05  2.25e-04   1.7
  u_gd (gd)                           1.82e-03    0.000 7.57e-05  1.89e-03  14.3
    u_output_sram (output_sram)       1.51e-04    0.000 7.49e-05  2.26e-04   1.7
    u_int32_int8 (int32_int8)            0.000    0.000 1.91e-09  1.91e-09   0.0
  u_penalty (penalty)                 1.76e-04    0.000 2.65e-08  1.76e-04   1.3

                        Internal  Switching  Leakage    Total
Power Group             Power     Power      Power      Power   (     %)  Attrs
--------------------------------------------------------------------------------
clock_network           1.225e-04 2.052e-04 1.480e-08 3.277e-04 ( 2.48%)  
register                5.647e-03 4.251e-05 1.095e-06 5.691e-03 (43.01%)  i
combinational           4.136e-05 8.977e-05 4.151e-07 1.315e-04 ( 0.99%)  
sequential                 0.0000    0.0000    0.0000    0.0000 ( 0.00%)  
memory                  3.006e-04    0.0000 1.497e-04 4.503e-04 ( 3.40%)  
io_pad                     0.0000    0.0000    0.0000    0.0000 ( 0.00%)  
black_box               6.456e-03    0.0000 1.739e-04 6.630e-03 (50.11%)  

  Net Switching Power  = 3.374e-04   ( 2.55%)
  Cell Internal Power  =    0.0126   (94.99%)
  Cell Leakage Power   = 3.251e-04   ( 2.46%)
                         ---------
Total Power            =    0.0132  (100.00%)

###################################Lwtp Lwtp Lwtp ###################################
                                      Int      Switch   Leak      Total
Hierarchy                             Power    Power    Power     Power    %
--------------------------------------------------------------------------------
top                                   5.17e-03 1.60e-04 3.25e-04  5.66e-03 100.0
  u_fd (fd)                           1.82e-03 1.46e-04 7.53e-05  2.04e-03  36.1
    u_input_sram (input_sram)         1.50e-04    0.000 7.49e-05  2.25e-04   4.0
  u_gd (gd)                           1.82e-03    0.000 7.57e-05  1.89e-03  33.5
    u_output_sram (output_sram)       1.51e-04    0.000 7.49e-05  2.26e-04   4.0
    u_int32_int8 (int32_int8)            0.000    0.000 1.91e-09  1.91e-09   0.0
  u_macros (macros)                   8.13e-04 8.36e-06 1.74e-04  9.96e-04  17.6
  u_penalty (penalty)                 1.76e-04    0.000 2.65e-08  1.76e-04   3.1

                        Internal  Switching  Leakage    Total
Power Group             Power     Power      Power      Power   (     %)  Attrs
--------------------------------------------------------------------------------
clock_network           1.097e-04 1.017e-04 1.436e-08 2.114e-04 ( 3.74%)  
register                4.745e-03 4.133e-05 1.093e-06 4.787e-03 (84.61%)  i
combinational           1.763e-05 1.678e-05 4.168e-07 3.483e-05 ( 0.62%)  
sequential                 0.0000    0.0000    0.0000    0.0000 ( 0.00%)  
memory                  3.006e-04    0.0000 1.497e-04 4.503e-04 ( 7.96%)  
io_pad                     0.0000    0.0000    0.0000    0.0000 ( 0.00%)  
black_box                  0.0000    0.0000 1.739e-04 1.739e-04 ( 3.07%)  

  Net Switching Power  = 1.598e-04   ( 2.82%)
  Cell Internal Power  = 5.173e-03   (91.43%)
  Cell Leakage Power   = 3.251e-04   ( 5.75%)
                         ---------
Total Power            = 5.658e-03  (100.00%)

###################################Cmpfis_aor Cmpfis_aor Cmpfis_aor ###################################
                                      Int      Switch   Leak      Total
Hierarchy                             Power    Power    Power     Power    %
--------------------------------------------------------------------------------
top                                   4.39e-02 1.80e-04 3.25e-04  4.44e-02 100.0
  u_fd (fd)                           2.66e-02 1.15e-04 7.53e-05  2.68e-02  60.3
    u_input_sram (input_sram)         2.51e-02 4.48e-06 7.49e-05  2.52e-02  56.7
  u_macros (macros)                   1.48e-02 4.27e-05 1.74e-04  1.50e-02  33.7
  u_gd (gd)                           1.90e-03 2.11e-05 7.57e-05  2.00e-03   4.5
    u_output_sram (output_sram)       1.91e-04 2.16e-06 7.49e-05  2.68e-04   0.6
    u_int32_int8 (int32_int8)            0.000    0.000 1.91e-09  1.91e-09   0.0
  u_penalty (penalty)                 1.76e-04    0.000 2.65e-08  1.76e-04   0.4

                        Internal  Switching  Leakage    Total
Power Group             Power     Power      Power      Power   (     %)  Attrs
--------------------------------------------------------------------------------
clock_network           1.097e-04 1.017e-04 1.436e-08 2.114e-04 ( 0.48%)  
register                4.586e-03 4.330e-05 1.091e-06 4.631e-03 (10.42%)  i
combinational           5.196e-05 2.798e-05 4.178e-07 8.036e-05 ( 0.18%)  
sequential                 0.0000    0.0000    0.0000    0.0000 ( 0.00%)  
memory                     0.0253 4.480e-06 1.497e-04    0.0254 (57.29%)  
io_pad                     0.0000    0.0000    0.0000    0.0000 ( 0.00%)  
black_box                  0.0139 2.468e-06 1.739e-04    0.0141 (31.63%)  

  Net Switching Power  = 1.799e-04   ( 0.40%)
  Cell Internal Power  =    0.0439   (98.86%)
  Cell Leakage Power   = 3.251e-04   ( 0.73%)
                         ---------
Total Power            =    0.0444  (100.00%)

###################################Cmpfis_tos Cmpfis_tos Cmpfis_tos ###################################
                                      Int      Switch   Leak      Total
Hierarchy                             Power    Power    Power     Power    %
--------------------------------------------------------------------------------
top                                   5.89e-02 2.50e-04 3.25e-04  5.95e-02 100.0
  u_fd (fd)                           2.66e-02 1.15e-04 7.53e-05  2.68e-02  45.0
    u_input_sram (input_sram)         2.51e-02 4.48e-06 7.49e-05  2.52e-02  42.3
  u_gd (gd)                           1.69e-02 9.02e-05 7.57e-05  1.71e-02  28.7
    u_output_sram (output_sram)       1.52e-02 5.53e-05 7.49e-05  1.53e-02  25.7
    u_int32_int8 (int32_int8)            0.000    0.000 1.91e-09  1.91e-09   0.0
  u_macros (macros)                   1.48e-02 4.27e-05 1.74e-04  1.50e-02  25.2
  u_penalty (penalty)                 1.76e-04    0.000 2.65e-08  1.76e-04   0.3

                        Internal  Switching  Leakage    Total
Power Group             Power     Power      Power      Power   (     %)  Attrs
--------------------------------------------------------------------------------
clock_network           1.097e-04 1.017e-04 1.436e-08 2.114e-04 ( 0.36%)  
register                4.627e-03 5.608e-05 1.091e-06 4.684e-03 ( 7.87%)  i
combinational           7.646e-05 8.548e-05 4.152e-07 1.624e-04 ( 0.27%)  
sequential                 0.0000    0.0000    0.0000    0.0000 ( 0.00%)  
memory                     0.0402 4.480e-06 1.497e-04    0.0404 (67.89%)  
io_pad                     0.0000    0.0000    0.0000    0.0000 ( 0.00%)  
black_box                  0.0139 2.468e-06 1.739e-04    0.0141 (23.61%)  

  Net Switching Power  = 2.502e-04   ( 0.42%)
  Cell Internal Power  =    0.0589   (99.03%)
  Cell Leakage Power   = 3.251e-04   ( 0.55%)
                         ---------
Total Power            =    0.0595  (100.00%)

###################################Cmpfis_aos Cmpfis_aos Cmpfis_aos ###################################
                                      Int      Switch   Leak      Total
Hierarchy                             Power    Power    Power     Power    %
--------------------------------------------------------------------------------
top                                   5.89e-02 2.50e-04 3.25e-04  5.95e-02 100.0
  u_fd (fd)                           2.66e-02 1.15e-04 7.53e-05  2.68e-02  45.0
    u_input_sram (input_sram)         2.51e-02 4.48e-06 7.49e-05  2.52e-02  42.3
  u_gd (gd)                           1.69e-02 9.02e-05 7.57e-05  1.71e-02  28.7
    u_output_sram (output_sram)       1.52e-02 5.53e-05 7.49e-05  1.53e-02  25.7
    u_int32_int8 (int32_int8)            0.000    0.000 1.91e-09  1.91e-09   0.0
  u_macros (macros)                   1.48e-02 4.27e-05 1.74e-04  1.50e-02  25.2
  u_penalty (penalty)                 1.76e-04    0.000 2.65e-08  1.76e-04   0.3

                        Internal  Switching  Leakage    Total
Power Group             Power     Power      Power      Power   (     %)  Attrs
--------------------------------------------------------------------------------
clock_network           1.097e-04 1.017e-04 1.436e-08 2.114e-04 ( 0.36%)  
register                4.627e-03 5.608e-05 1.091e-06 4.684e-03 ( 7.87%)  i
combinational           7.646e-05 8.548e-05 4.134e-07 1.624e-04 ( 0.27%)  
sequential                 0.0000    0.0000    0.0000    0.0000 ( 0.00%)  
memory                     0.0402 4.480e-06 1.497e-04    0.0404 (67.89%)  
io_pad                     0.0000    0.0000    0.0000    0.0000 ( 0.00%)  
black_box                  0.0139 2.468e-06 1.739e-04    0.0141 (23.61%)  

  Net Switching Power  = 2.502e-04   ( 0.42%)
  Cell Internal Power  =    0.0589   (99.03%)
  Cell Leakage Power   = 3.251e-04   ( 0.55%)
                         ---------
Total Power            =    0.0595  (100.00%)

###################################Cmpfis_ptos Cmpfis_ptos Cmpfis_ptos ###################################
                                      Int      Switch   Leak      Total
Hierarchy                             Power    Power    Power     Power    %
--------------------------------------------------------------------------------
top                                   1.92e-02 1.50e-04 3.25e-04  1.96e-02 100.0
  u_macros (macros)                   1.47e-02 1.37e-05 1.74e-04  1.49e-02  75.8
  u_fd (fd)                           1.91e-03 1.05e-04 7.53e-05  2.10e-03  10.7
    u_input_sram (input_sram)         4.32e-04    0.000 7.49e-05  5.07e-04   2.6
  u_gd (gd)                           1.91e-03 2.95e-05 7.57e-05  2.01e-03  10.2
    u_output_sram (output_sram)       1.91e-04 2.16e-06 7.49e-05  2.68e-04   1.4
    u_int32_int8 (int32_int8)         1.36e-07    0.000 1.90e-09  1.38e-07   0.0
  u_penalty (penalty)                 1.76e-04    0.000 2.76e-08  1.76e-04   0.9

                        Internal  Switching  Leakage    Total
Power Group             Power     Power      Power      Power   (     %)  Attrs
--------------------------------------------------------------------------------
clock_network           1.097e-04 1.017e-04 1.436e-08 2.114e-04 ( 1.08%)  
register                4.531e-03 1.574e-05 1.093e-06 4.548e-03 (23.15%)  i
combinational           3.523e-05 2.966e-05 4.238e-07 6.531e-05 ( 0.33%)  
sequential                 0.0000    0.0000    0.0000    0.0000 ( 0.00%)  
memory                  6.209e-04    0.0000 1.497e-04 7.706e-04 ( 3.92%)  
io_pad                     0.0000    0.0000    0.0000    0.0000 ( 0.00%)  
black_box                  0.0139 2.468e-06 1.739e-04    0.0141 (71.52%)  

  Net Switching Power  = 1.495e-04   ( 0.76%)
  Cell Internal Power  =    0.0192   (97.58%)
  Cell Leakage Power   = 3.251e-04   ( 1.65%)
                         ---------
Total Power            =    0.0196  (100.00%)

###################################Cmpfis_paos Cmpfis_paos Cmpfis_paos ###################################
                                      Int      Switch   Leak      Total
Hierarchy                             Power    Power    Power     Power    %
--------------------------------------------------------------------------------
top                                   1.92e-02 1.43e-04 3.25e-04  1.97e-02 100.0
  u_macros (macros)                   1.47e-02 1.37e-05 1.74e-04  1.49e-02  75.8
  u_fd (fd)                           1.91e-03 1.05e-04 7.53e-05  2.10e-03  10.7
    u_input_sram (input_sram)         4.32e-04    0.000 7.49e-05  5.07e-04   2.6
  u_gd (gd)                           1.92e-03 2.28e-05 7.57e-05  2.02e-03  10.3
    u_output_sram (output_sram)       1.96e-04 2.16e-06 7.49e-05  2.73e-04   1.4
    u_int32_int8 (int32_int8)            0.000    0.000 1.89e-09  1.89e-09   0.0
  u_penalty (penalty)                 1.76e-04    0.000 2.76e-08  1.76e-04   0.9

                        Internal  Switching  Leakage    Total
Power Group             Power     Power      Power      Power   (     %)  Attrs
--------------------------------------------------------------------------------
clock_network           1.097e-04 1.017e-04 1.436e-08 2.114e-04 ( 1.08%)  
register                4.531e-03 1.492e-05 1.093e-06 4.547e-03 (23.14%)  i
combinational           4.063e-05 2.377e-05 4.240e-07 6.482e-05 ( 0.33%)  
sequential                 0.0000    0.0000    0.0000    0.0000 ( 0.00%)  
memory                  6.257e-04    0.0000 1.497e-04 7.754e-04 ( 3.95%)  
io_pad                     0.0000    0.0000    0.0000    0.0000 ( 0.00%)  
black_box                  0.0139 2.468e-06 1.739e-04    0.0141 (71.51%)  

  Net Switching Power  = 1.428e-04   ( 0.73%)
  Cell Internal Power  =    0.0192   (97.62%)
  Cell Leakage Power   = 3.251e-04   ( 1.65%)
                         ---------
Total Power            =    0.0197  (100.00%)

###################################Cmpfgt_aor Cmpfgt_aor Cmpfgt_aor ###################################
                                      Int      Switch   Leak      Total
Hierarchy                             Power    Power    Power     Power    %
--------------------------------------------------------------------------------
top                                   1.93e-02 1.72e-04 3.25e-04  1.98e-02 100.0
  u_macros (macros)                   1.47e-02    0.000 1.74e-04  1.49e-02  75.1
  u_fd (fd)                           2.01e-03 1.59e-04 7.53e-05  2.25e-03  11.3
    u_input_sram (input_sram)         1.50e-04    0.000 7.49e-05  2.25e-04   1.1
  u_gd (gd)                           1.89e-03 8.05e-06 7.57e-05  1.97e-03  10.0
    u_output_sram (output_sram)       1.96e-04 2.26e-06 7.49e-05  2.73e-04   1.4
    u_int32_int8 (int32_int8)         2.48e-07    0.000 1.91e-09  2.50e-07   0.0
  u_penalty (penalty)                 1.76e-04    0.000 2.65e-08  1.76e-04   0.9

                        Internal  Switching  Leakage    Total
Power Group             Power     Power      Power      Power   (     %)  Attrs
--------------------------------------------------------------------------------
clock_network           1.146e-04 1.220e-04 1.445e-08 2.366e-04 ( 1.20%)  
register                4.931e-03 1.026e-05 1.094e-06 4.943e-03 (24.97%)  i
combinational           3.461e-05 3.941e-05 4.248e-07 7.445e-05 ( 0.38%)  
sequential                 0.0000    0.0000    0.0000    0.0000 ( 0.00%)  
memory                  3.444e-04    0.0000 1.497e-04 4.941e-04 ( 2.50%)  
io_pad                     0.0000    0.0000    0.0000    0.0000 ( 0.00%)  
black_box                  0.0139    0.0000 1.739e-04    0.0141 (70.97%)  

  Net Switching Power  = 1.717e-04   ( 0.87%)
  Cell Internal Power  =    0.0193   (97.49%)
  Cell Leakage Power   = 3.251e-04   ( 1.64%)
                         ---------
Total Power            =    0.0198  (100.00%)

###################################Cmpfgt_tos Cmpfgt_tos Cmpfgt_tos ###################################
                                      Int      Switch   Leak      Total
Hierarchy                             Power    Power    Power     Power    %
--------------------------------------------------------------------------------
top                                   3.41e-02 2.17e-04 3.25e-04  3.47e-02 100.0
  u_gd (gd)                           1.67e-02 5.18e-05 7.57e-05  1.68e-02  48.5
    u_output_sram (output_sram)       1.50e-02 4.83e-05 7.49e-05  1.51e-02  43.7
    u_int32_int8 (int32_int8)            0.000    0.000 1.91e-09  1.91e-09   0.0
  u_macros (macros)                   1.47e-02    0.000 1.74e-04  1.49e-02  42.9
  u_fd (fd)                           2.01e-03 1.59e-04 7.53e-05  2.25e-03   6.5
    u_input_sram (input_sram)         1.50e-04    0.000 7.49e-05  2.25e-04   0.6
  u_penalty (penalty)                 1.76e-04    0.000 2.65e-08  1.76e-04   0.5

                        Internal  Switching  Leakage    Total
Power Group             Power     Power      Power      Power   (     %)  Attrs
--------------------------------------------------------------------------------
clock_network           1.146e-04 1.220e-04 1.445e-08 2.366e-04 ( 0.68%)  
register                4.942e-03 1.120e-05 1.094e-06 4.954e-03 (14.29%)  i
combinational           3.313e-05 8.345e-05 4.220e-07 1.170e-04 ( 0.34%)  
sequential                 0.0000    0.0000    0.0000    0.0000 ( 0.00%)  
memory                     0.0152    0.0000 1.497e-04    0.0153 (44.16%)  
io_pad                     0.0000    0.0000    0.0000    0.0000 ( 0.00%)  
black_box                  0.0139    0.0000 1.739e-04    0.0141 (40.53%)  

  Net Switching Power  = 2.166e-04   ( 0.62%)
  Cell Internal Power  =    0.0341   (98.44%)
  Cell Leakage Power   = 3.251e-04   ( 0.94%)
                         ---------
Total Power            =    0.0347  (100.00%)

###################################Cmpfgt_aos Cmpfgt_aos Cmpfgt_aos ###################################
                                      Int      Switch   Leak      Total
Hierarchy                             Power    Power    Power     Power    %
--------------------------------------------------------------------------------
top                                   3.41e-02 2.17e-04 3.25e-04  3.47e-02 100.0
  u_gd (gd)                           1.67e-02 5.18e-05 7.57e-05  1.68e-02  48.5
    u_output_sram (output_sram)       1.50e-02 4.83e-05 7.49e-05  1.51e-02  43.7
    u_int32_int8 (int32_int8)            0.000    0.000 1.91e-09  1.91e-09   0.0
  u_macros (macros)                   1.47e-02    0.000 1.74e-04  1.49e-02  42.9
  u_fd (fd)                           2.01e-03 1.59e-04 7.53e-05  2.25e-03   6.5
    u_input_sram (input_sram)         1.50e-04    0.000 7.49e-05  2.25e-04   0.6
  u_penalty (penalty)                 1.76e-04    0.000 2.65e-08  1.76e-04   0.5

                        Internal  Switching  Leakage    Total
Power Group             Power     Power      Power      Power   (     %)  Attrs
--------------------------------------------------------------------------------
clock_network           1.146e-04 1.220e-04 1.445e-08 2.366e-04 ( 0.68%)  
register                4.942e-03 1.120e-05 1.094e-06 4.954e-03 (14.29%)  i
combinational           3.313e-05 8.345e-05 4.202e-07 1.170e-04 ( 0.34%)  
sequential                 0.0000    0.0000    0.0000    0.0000 ( 0.00%)  
memory                     0.0152    0.0000 1.497e-04    0.0153 (44.16%)  
io_pad                     0.0000    0.0000    0.0000    0.0000 ( 0.00%)  
black_box                  0.0139    0.0000 1.739e-04    0.0141 (40.53%)  

  Net Switching Power  = 2.166e-04   ( 0.62%)
  Cell Internal Power  =    0.0341   (98.44%)
  Cell Leakage Power   = 3.251e-04   ( 0.94%)
                         ---------
Total Power            =    0.0347  (100.00%)

###################################Cmpfgt_ptos Cmpfgt_ptos Cmpfgt_ptos ###################################
                                      Int      Switch   Leak      Total
Hierarchy                             Power    Power    Power     Power    %
--------------------------------------------------------------------------------
top                                   2.06e-02 2.95e-04 3.25e-04  2.12e-02 100.0
  u_macros (macros)                   1.47e-02    0.000 1.74e-04  1.49e-02  70.1
  u_gd (gd)                           3.13e-03 1.37e-04 7.57e-05  3.34e-03  15.7
    u_output_sram (output_sram)       8.73e-04 3.50e-05 7.49e-05  9.82e-04   4.6
    u_int32_int8 (int32_int8)         1.46e-05    0.000 1.83e-09  1.46e-05   0.1
  u_fd (fd)                           1.88e-03 1.36e-04 7.53e-05  2.09e-03   9.9
    u_input_sram (input_sram)         1.50e-04    0.000 7.49e-05  2.25e-04   1.1
  u_penalty (penalty)                 3.58e-04 1.77e-05 2.91e-08  3.76e-04   1.8

                        Internal  Switching  Leakage    Total
Power Group             Power     Power      Power      Power   (     %)  Attrs
--------------------------------------------------------------------------------
clock_network           1.097e-04 1.017e-04 1.436e-08 2.114e-04 ( 1.00%)  
register                5.274e-03 4.975e-05 1.093e-06 5.325e-03 (25.11%)  i
combinational           3.299e-04 1.432e-04 4.238e-07 4.736e-04 ( 2.23%)  
sequential                 0.0000    0.0000    0.0000    0.0000 ( 0.00%)  
memory                  1.000e-03    0.0000 1.497e-04 1.150e-03 ( 5.42%)  
io_pad                     0.0000    0.0000    0.0000    0.0000 ( 0.00%)  
black_box                  0.0139    0.0000 1.739e-04    0.0141 (66.24%)  

  Net Switching Power  = 2.946e-04   ( 1.39%)
  Cell Internal Power  =    0.0206   (97.08%)
  Cell Leakage Power   = 3.251e-04   ( 1.53%)
                         ---------
Total Power            =    0.0212  (100.00%)

###################################Cmpfgt_paos Cmpfgt_paos Cmpfgt_paos ###################################
                                      Int      Switch   Leak      Total
Hierarchy                             Power    Power    Power     Power    %
--------------------------------------------------------------------------------
top                                   2.06e-02 2.88e-04 3.25e-04  2.12e-02 100.0
  u_macros (macros)                   1.47e-02    0.000 1.74e-04  1.49e-02  70.1
  u_gd (gd)                           3.14e-03 1.30e-04 7.57e-05  3.35e-03  15.8
    u_output_sram (output_sram)       8.74e-04 3.48e-05 7.49e-05  9.84e-04   4.6
    u_int32_int8 (int32_int8)         1.64e-05    0.000 1.83e-09  1.64e-05   0.1
  u_fd (fd)                           1.88e-03 1.36e-04 7.53e-05  2.09e-03   9.9
    u_input_sram (input_sram)         1.50e-04    0.000 7.49e-05  2.25e-04   1.1
  u_penalty (penalty)                 3.58e-04 1.77e-05 2.91e-08  3.76e-04   1.8

                        Internal  Switching  Leakage    Total
Power Group             Power     Power      Power      Power   (     %)  Attrs
--------------------------------------------------------------------------------
clock_network           1.097e-04 1.017e-04 1.436e-08 2.114e-04 ( 1.00%)  
register                5.279e-03 4.914e-05 1.093e-06 5.329e-03 (25.12%)  i
combinational           3.392e-04 1.371e-04 4.239e-07 4.767e-04 ( 2.25%)  
sequential                 0.0000    0.0000    0.0000    0.0000 ( 0.00%)  
memory                  1.001e-03    0.0000 1.497e-04 1.151e-03 ( 5.42%)  
io_pad                     0.0000    0.0000    0.0000    0.0000 ( 0.00%)  
black_box                  0.0139    0.0000 1.739e-04    0.0141 (66.22%)  

  Net Switching Power  = 2.879e-04   ( 1.36%)
  Cell Internal Power  =    0.0206   (97.11%)
  Cell Leakage Power   = 3.251e-04   ( 1.53%)
                         ---------
Total Power            =    0.0212  (100.00%)

###################################Cmpfgtp Cmpfgtp Cmpfgtp ###################################
                                      Int      Switch   Leak      Total
Hierarchy                             Power    Power    Power     Power    %
--------------------------------------------------------------------------------
top                                   1.92e-02 1.24e-04 3.25e-04  1.96e-02 100.0
  u_macros (macros)                   1.47e-02 3.80e-06 1.74e-04  1.49e-02  75.7
  u_fd (fd)                           1.95e-03 1.16e-04 7.53e-05  2.14e-03  10.9
    u_input_sram (input_sram)         7.53e-04    0.000 7.49e-05  8.28e-04   4.2
  u_gd (gd)                           1.84e-03    0.000 7.57e-05  1.91e-03   9.7
    u_output_sram (output_sram)       1.51e-04    0.000 7.49e-05  2.26e-04   1.1
    u_int32_int8 (int32_int8)         1.97e-06    0.000 1.91e-09  1.97e-06   0.0
  u_penalty (penalty)                 1.76e-04    0.000 2.65e-08  1.76e-04   0.9

                        Internal  Switching  Leakage    Total
Power Group             Power     Power      Power      Power   (     %)  Attrs
--------------------------------------------------------------------------------
clock_network           1.053e-04 4.066e-05 1.411e-08 1.460e-04 ( 0.74%)  
register                4.282e-03 5.189e-05 1.092e-06 4.335e-03 (22.06%)  i
combinational           2.948e-05 3.184e-05 4.157e-07 6.173e-05 ( 0.31%)  
sequential                 0.0000    0.0000    0.0000    0.0000 ( 0.00%)  
memory                  9.038e-04    0.0000 1.497e-04 1.054e-03 ( 5.36%)  
io_pad                     0.0000    0.0000    0.0000    0.0000 ( 0.00%)  
black_box                  0.0139    0.0000 1.739e-04    0.0141 (71.52%)  

  Net Switching Power  = 1.244e-04   ( 0.63%)
  Cell Internal Power  =    0.0192   (97.71%)
  Cell Leakage Power   = 3.251e-04   ( 1.65%)
                         ---------
Total Power            =    0.0196  (100.00%)

###################################Lpenalty Lpenalty Lpenalty ###################################
                                      Int      Switch   Leak      Total
Hierarchy                             Power    Power    Power     Power    %
--------------------------------------------------------------------------------
top                                   6.65e-03 2.85e-04 3.25e-04  7.26e-03 100.0
  u_gd (gd)                           3.06e-03 1.28e-04 7.57e-05  3.27e-03  45.0
    u_output_sram (output_sram)       8.31e-04 3.27e-05 7.49e-05  9.38e-04  12.9
    u_int32_int8 (int32_int8)         1.46e-05    0.000 1.83e-09  1.46e-05   0.2
  u_fd (fd)                           1.88e-03 1.35e-04 7.53e-05  2.09e-03  28.8
    u_input_sram (input_sram)         1.50e-04    0.000 7.49e-05  2.25e-04   3.1
  u_macros (macros)                   8.13e-04    0.000 1.74e-04  9.87e-04  13.6
  u_penalty (penalty)                 3.58e-04 1.77e-05 2.91e-08  3.76e-04   5.2

                        Internal  Switching  Leakage    Total
Power Group             Power     Power      Power      Power   (     %)  Attrs
--------------------------------------------------------------------------------
clock_network           1.097e-04 1.017e-04 1.436e-08 2.114e-04 ( 2.91%)  
register                5.261e-03 4.769e-05 1.093e-06 5.310e-03 (73.14%)  i
combinational           3.190e-04 1.361e-04 4.217e-07 4.555e-04 ( 6.28%)  
sequential                 0.0000    0.0000    0.0000    0.0000 ( 0.00%)  
memory                  9.591e-04    0.0000 1.497e-04 1.109e-03 (15.27%)  
io_pad                     0.0000    0.0000    0.0000    0.0000 ( 0.00%)  
black_box                  0.0000    0.0000 1.739e-04 1.739e-04 ( 2.40%)  

  Net Switching Power  = 2.854e-04   ( 3.93%)
  Cell Internal Power  = 6.649e-03   (91.59%)
  Cell Leakage Power   = 3.251e-04   ( 4.48%)
                         ---------
Total Power            = 7.260e-03  (100.00%)

###################################Nop Nop Nop ###################################
                                      Int      Switch   Leak      Total
Hierarchy                             Power    Power    Power     Power    %
--------------------------------------------------------------------------------
top                                   4.92e-03 1.02e-04 3.25e-04  5.35e-03 100.0
  u_gd (gd)                           1.84e-03    0.000 7.57e-05  1.91e-03  35.8
    u_output_sram (output_sram)       1.51e-04    0.000 7.49e-05  2.26e-04   4.2
    u_int32_int8 (int32_int8)         1.97e-06    0.000 1.91e-09  1.97e-06   0.0
  u_fd (fd)                           1.63e-03 1.02e-04 7.53e-05  1.81e-03  33.8
    u_input_sram (input_sram)         1.50e-04    0.000 7.49e-05  2.25e-04   4.2
  u_macros (macros)                   8.13e-04    0.000 1.74e-04  9.87e-04  18.5
  u_penalty (penalty)                 1.76e-04    0.000 2.65e-08  1.76e-04   3.3

                        Internal  Switching  Leakage    Total
Power Group             Power     Power      Power      Power   (     %)  Attrs
--------------------------------------------------------------------------------
clock_network           1.097e-04 1.017e-04 1.436e-08 2.114e-04 ( 3.95%)  
register                4.496e-03    0.0000 1.087e-06 4.498e-03 (84.11%)  i
combinational           1.341e-05    0.0000 4.130e-07 1.382e-05 ( 0.26%)  
sequential                 0.0000    0.0000    0.0000    0.0000 ( 0.00%)  
memory                  3.006e-04    0.0000 1.497e-04 4.503e-04 ( 8.42%)  
io_pad                     0.0000    0.0000    0.0000    0.0000 ( 0.00%)  
black_box                  0.0000    0.0000 1.739e-04 1.739e-04 ( 3.25%)  

  Net Switching Power  = 1.017e-04   ( 1.90%)
  Cell Internal Power  = 4.920e-03   (92.02%)
  Cell Leakage Power   = 3.251e-04   ( 6.08%)
                         ---------
Total Power            = 5.347e-03  (100.00%)

###################################Nop_w_rd Nop_w_rd Nop_w_rd ###################################
                                      Int      Switch   Leak      Total
Hierarchy                             Power    Power    Power     Power    %
--------------------------------------------------------------------------------
top                                   1.88e-02 2.33e-04 3.25e-04  1.93e-02 100.0
  u_gd (gd)                           1.57e-02 1.31e-04 7.57e-05  1.59e-02  82.2
    u_output_sram (output_sram)       1.37e-02 8.51e-05 7.49e-05  1.38e-02  71.5
    u_int32_int8 (int32_int8)         6.80e-08    0.000 1.90e-09  6.99e-08   0.0
  u_fd (fd)                           1.63e-03 1.02e-04 7.53e-05  1.81e-03   9.3
    u_input_sram (input_sram)         1.50e-04    0.000 7.49e-05  2.25e-04   1.2
  u_macros (macros)                   8.13e-04    0.000 1.74e-04  9.87e-04   5.1
  u_penalty (penalty)                 1.76e-04    0.000 2.65e-08  1.76e-04   0.9

                        Internal  Switching  Leakage    Total
Power Group             Power     Power      Power      Power   (     %)  Attrs
--------------------------------------------------------------------------------
clock_network           1.127e-04 1.423e-04 1.453e-08 2.550e-04 ( 1.32%)  
register                4.854e-03 2.973e-06 1.088e-06 4.858e-03 (25.13%)  i
combinational           5.672e-05 8.783e-05 4.119e-07 1.450e-04 ( 0.75%)  
sequential                 0.0000    0.0000    0.0000    0.0000 ( 0.00%)  
memory                     0.0138    0.0000 1.497e-04    0.0139 (71.90%)  
io_pad                     0.0000    0.0000    0.0000    0.0000 ( 0.00%)  
black_box                  0.0000    0.0000 1.739e-04 1.739e-04 ( 0.90%)  

  Net Switching Power  = 2.331e-04   ( 1.21%)
  Cell Internal Power  =    0.0188   (97.11%)
  Cell Leakage Power   = 3.251e-04   ( 1.68%)
                         ---------
Total Power            =    0.0193  (100.00%)

