****************************************
Report : Time Based Power
	-verbose
Design : top
Version: M-2016.12-SP2
Date   : Fri Mar  8 13:45:13 2024
****************************************

Simulation Periods: 1406 ns - 1446 ns

Sampling Interval: 1 ns

Library(s) Used:

    tcbn28hpcplusbwp7t30p140hvtssg0p81vm40c_ccs (File: /projects/soc/TECHLIB/TSMC/28nm/tcbn28hpcplusbwp7t30p140hvt_180a/TSMCHOME/digital/Front_End/timing_power_noise/CCS/tcbn28hpcplusbwp7t30p140hvt_180a/tcbn28hpcplusbwp7t30p140hvtssg0p81vm40c_ccs.db)
    sram_1024x128_ssg_0p81v_0p81v_m40c (File: /home/soc/shiyh23/5_GPCIMPU/2-SYN/link_lib/sram_1024x128_ssg_0p81_0p81_m40c_ccs.db)
    sin_bp_macro_ssg0p81vm40c (File: /home/soc/shiyh23/5_GPCIMPU/2-SYN/link_lib/sin_bp_macro_ssg0p81vm40c.db)


Operating Conditions: ssg0p81vm40c   Library: tcbn28hpcplusbwp7t30p140hvtssg0p81vm40c_ccs
Wire Load Model Mode: top

Cell               Design       Wire_model  Library       Selection_type
--------------------------------------------------------------------------------
                   top          ZeroWireload
                                            tcbn28hpcplusbwp7t30p140hvtssg0p81vm40c_ccs
                                                          automatic-by-area

Power-specific unit information :
    Voltage Units = 1 V
    Capacitance Units = 1 pf
    Time Units = 1 ns
    Dynamic Power Units = 1 W
    Leakage Power Units = 1 W



  Attributes
  ----------
      i  -  Including register clock pin internal power
      u  -  User defined power group

                        Internal  Switching  Leakage    Total
Power Group             Power     Power      Power      Power   (     %)  Attrs
--------------------------------------------------------------------------------
clock_network           1.127e-04 1.423e-04 1.453e-08 2.550e-04 ( 1.32%)  
register                4.854e-03 2.973e-06 1.088e-06 4.858e-03 (25.13%)  i
combinational           5.672e-05 8.783e-05 4.119e-07 1.450e-04 ( 0.75%)  
sequential                 0.0000    0.0000    0.0000    0.0000 ( 0.00%)  
memory                     0.0138    0.0000 1.497e-04    0.0139 (71.90%)  
io_pad                     0.0000    0.0000    0.0000    0.0000 ( 0.00%)  
black_box                  0.0000    0.0000 1.739e-04 1.739e-04 ( 0.90%)  

  Net Switching Power  = 2.331e-04   ( 1.21%)
  Cell Internal Power  =    0.0188   (97.11%)
  Cell Leakage Power   = 3.251e-04   ( 1.68%)
                         ---------
Total Power            =    0.0193  (100.00%)

X Transition Power     =    0.0000
Glitching Power        =    0.0000

Peak Power             =    0.0587
Peak Time              =      1446

1
